{"D:\\projects\\GitHub\\tempus-dominus\\src\\js\\datetime.ts": {"path":"D:\\projects\\GitHub\\tempus-dominus\\src\\js\\datetime.ts","all":false,"statementMap":{"0":{"start":{"line":1,"column":0},"end":{"line":1,"column":18}},"1":{"start":{"line":2,"column":0},"end":{"line":2,"column":22}},"2":{"start":{"line":3,"column":0},"end":{"line":3,"column":22}},"3":{"start":{"line":4,"column":0},"end":{"line":4,"column":18}},"4":{"start":{"line":5,"column":0},"end":{"line":5,"column":16}},"5":{"start":{"line":6,"column":0},"end":{"line":6,"column":18}},"6":{"start":{"line":7,"column":0},"end":{"line":7,"column":16}},"7":{"start":{"line":8,"column":0},"end":{"line":8,"column":1}},"8":{"start":{"line":9,"column":0},"end":{"line":9,"column":0}},"9":{"start":{"line":10,"column":0},"end":{"line":10,"column":26}},"10":{"start":{"line":11,"column":0},"end":{"line":11,"column":19}},"11":{"start":{"line":12,"column":0},"end":{"line":12,"column":17}},"12":{"start":{"line":13,"column":0},"end":{"line":13,"column":18}},"13":{"start":{"line":14,"column":0},"end":{"line":14,"column":18}},"14":{"start":{"line":15,"column":0},"end":{"line":15,"column":20}},"15":{"start":{"line":16,"column":0},"end":{"line":16,"column":20}},"16":{"start":{"line":17,"column":0},"end":{"line":17,"column":15}},"17":{"start":{"line":18,"column":0},"end":{"line":18,"column":1}},"18":{"start":{"line":19,"column":0},"end":{"line":19,"column":0}},"19":{"start":{"line":20,"column":0},"end":{"line":20,"column":36}},"20":{"start":{"line":21,"column":0},"end":{"line":21,"column":18}},"21":{"start":{"line":22,"column":0},"end":{"line":22,"column":15}},"22":{"start":{"line":23,"column":0},"end":{"line":23,"column":1}},"23":{"start":{"line":24,"column":0},"end":{"line":24,"column":0}},"24":{"start":{"line":25,"column":0},"end":{"line":25,"column":75}},"25":{"start":{"line":26,"column":0},"end":{"line":26,"column":42}},"26":{"start":{"line":27,"column":0},"end":{"line":27,"column":51}},"27":{"start":{"line":28,"column":0},"end":{"line":28,"column":27}},"28":{"start":{"line":29,"column":0},"end":{"line":29,"column":1}},"29":{"start":{"line":30,"column":0},"end":{"line":30,"column":0}},"30":{"start":{"line":31,"column":0},"end":{"line":31,"column":56}},"31":{"start":{"line":32,"column":0},"end":{"line":32,"column":17}},"32":{"start":{"line":33,"column":0},"end":{"line":33,"column":16}},"33":{"start":{"line":34,"column":0},"end":{"line":34,"column":36}},"34":{"start":{"line":35,"column":0},"end":{"line":35,"column":17}},"35":{"start":{"line":36,"column":0},"end":{"line":36,"column":14}},"36":{"start":{"line":37,"column":0},"end":{"line":37,"column":25}},"37":{"start":{"line":38,"column":0},"end":{"line":38,"column":23}},"38":{"start":{"line":39,"column":0},"end":{"line":39,"column":8}},"39":{"start":{"line":40,"column":0},"end":{"line":40,"column":16}},"40":{"start":{"line":41,"column":0},"end":{"line":41,"column":33}},"41":{"start":{"line":42,"column":0},"end":{"line":42,"column":3}},"42":{"start":{"line":43,"column":0},"end":{"line":43,"column":2}},"43":{"start":{"line":44,"column":0},"end":{"line":44,"column":0}},"44":{"start":{"line":45,"column":0},"end":{"line":45,"column":3}},"45":{"start":{"line":46,"column":0},"end":{"line":46,"column":61}},"46":{"start":{"line":47,"column":0},"end":{"line":47,"column":55}},"47":{"start":{"line":48,"column":0},"end":{"line":48,"column":3}},"48":{"start":{"line":49,"column":0},"end":{"line":49,"column":36}},"49":{"start":{"line":50,"column":0},"end":{"line":50,"column":5}},"50":{"start":{"line":51,"column":0},"end":{"line":51,"column":34}},"51":{"start":{"line":52,"column":0},"end":{"line":52,"column":5}},"52":{"start":{"line":53,"column":0},"end":{"line":53,"column":21}},"53":{"start":{"line":54,"column":0},"end":{"line":54,"column":0}},"54":{"start":{"line":55,"column":0},"end":{"line":55,"column":5}},"55":{"start":{"line":56,"column":0},"end":{"line":56,"column":44}},"56":{"start":{"line":57,"column":0},"end":{"line":57,"column":17}},"57":{"start":{"line":58,"column":0},"end":{"line":58,"column":5}},"58":{"start":{"line":59,"column":0},"end":{"line":59,"column":34}},"59":{"start":{"line":60,"column":0},"end":{"line":60,"column":24}},"60":{"start":{"line":61,"column":0},"end":{"line":61,"column":16}},"61":{"start":{"line":62,"column":0},"end":{"line":62,"column":3}},"62":{"start":{"line":63,"column":0},"end":{"line":63,"column":0}},"63":{"start":{"line":64,"column":0},"end":{"line":64,"column":5}},"64":{"start":{"line":65,"column":0},"end":{"line":65,"column":58}},"65":{"start":{"line":66,"column":0},"end":{"line":66,"column":45}},"66":{"start":{"line":67,"column":0},"end":{"line":67,"column":17}},"67":{"start":{"line":68,"column":0},"end":{"line":68,"column":18}},"68":{"start":{"line":69,"column":0},"end":{"line":69,"column":5}},"69":{"start":{"line":70,"column":0},"end":{"line":70,"column":68}},"70":{"start":{"line":71,"column":0},"end":{"line":71,"column":53}},"71":{"start":{"line":72,"column":0},"end":{"line":72,"column":24}},"72":{"start":{"line":73,"column":0},"end":{"line":73,"column":25}},"73":{"start":{"line":74,"column":0},"end":{"line":74,"column":22}},"74":{"start":{"line":75,"column":0},"end":{"line":75,"column":21}},"75":{"start":{"line":76,"column":0},"end":{"line":76,"column":22}},"76":{"start":{"line":77,"column":0},"end":{"line":77,"column":24}},"77":{"start":{"line":78,"column":0},"end":{"line":78,"column":24}},"78":{"start":{"line":79,"column":0},"end":{"line":79,"column":28}},"79":{"start":{"line":80,"column":0},"end":{"line":80,"column":24}},"80":{"start":{"line":81,"column":0},"end":{"line":81,"column":3}},"81":{"start":{"line":82,"column":0},"end":{"line":82,"column":0}},"82":{"start":{"line":83,"column":0},"end":{"line":83,"column":5}},"83":{"start":{"line":84,"column":0},"end":{"line":84,"column":98}},"84":{"start":{"line":85,"column":0},"end":{"line":85,"column":17}},"85":{"start":{"line":86,"column":0},"end":{"line":86,"column":24}},"86":{"start":{"line":87,"column":0},"end":{"line":87,"column":5}},"87":{"start":{"line":88,"column":0},"end":{"line":88,"column":65}},"88":{"start":{"line":89,"column":0},"end":{"line":89,"column":31}},"89":{"start":{"line":90,"column":0},"end":{"line":90,"column":3}},"90":{"start":{"line":91,"column":0},"end":{"line":91,"column":0}},"91":{"start":{"line":92,"column":0},"end":{"line":92,"column":5}},"92":{"start":{"line":93,"column":0},"end":{"line":93,"column":112}},"93":{"start":{"line":94,"column":0},"end":{"line":94,"column":5}},"94":{"start":{"line":95,"column":0},"end":{"line":95,"column":15}},"95":{"start":{"line":96,"column":0},"end":{"line":96,"column":24}},"96":{"start":{"line":97,"column":0},"end":{"line":97,"column":16}},"97":{"start":{"line":98,"column":0},"end":{"line":98,"column":17}},"98":{"start":{"line":99,"column":0},"end":{"line":99,"column":16}},"99":{"start":{"line":100,"column":0},"end":{"line":100,"column":17}},"100":{"start":{"line":101,"column":0},"end":{"line":101,"column":19}},"101":{"start":{"line":102,"column":0},"end":{"line":102,"column":19}},"102":{"start":{"line":103,"column":0},"end":{"line":103,"column":28}},"103":{"start":{"line":104,"column":0},"end":{"line":104,"column":29}},"104":{"start":{"line":105,"column":0},"end":{"line":105,"column":3}},"105":{"start":{"line":106,"column":0},"end":{"line":106,"column":0}},"106":{"start":{"line":107,"column":0},"end":{"line":107,"column":5}},"107":{"start":{"line":108,"column":0},"end":{"line":108,"column":68}},"108":{"start":{"line":109,"column":0},"end":{"line":109,"column":129}},"109":{"start":{"line":110,"column":0},"end":{"line":110,"column":59}},"110":{"start":{"line":111,"column":0},"end":{"line":111,"column":16}},"111":{"start":{"line":112,"column":0},"end":{"line":112,"column":73}},"112":{"start":{"line":113,"column":0},"end":{"line":113,"column":5}},"113":{"start":{"line":114,"column":0},"end":{"line":114,"column":61}},"114":{"start":{"line":115,"column":0},"end":{"line":115,"column":81}},"115":{"start":{"line":116,"column":0},"end":{"line":116,"column":19}},"116":{"start":{"line":117,"column":0},"end":{"line":117,"column":21}},"117":{"start":{"line":118,"column":0},"end":{"line":118,"column":32}},"118":{"start":{"line":119,"column":0},"end":{"line":119,"column":14}},"119":{"start":{"line":120,"column":0},"end":{"line":120,"column":21}},"120":{"start":{"line":121,"column":0},"end":{"line":121,"column":30}},"121":{"start":{"line":122,"column":0},"end":{"line":122,"column":14}},"122":{"start":{"line":123,"column":0},"end":{"line":123,"column":19}},"123":{"start":{"line":124,"column":0},"end":{"line":124,"column":33}},"124":{"start":{"line":125,"column":0},"end":{"line":125,"column":14}},"125":{"start":{"line":126,"column":0},"end":{"line":126,"column":18}},"126":{"start":{"line":127,"column":0},"end":{"line":127,"column":34}},"127":{"start":{"line":128,"column":0},"end":{"line":128,"column":14}},"128":{"start":{"line":129,"column":0},"end":{"line":129,"column":21}},"129":{"start":{"line":130,"column":0},"end":{"line":130,"column":32}},"130":{"start":{"line":131,"column":0},"end":{"line":131,"column":51}},"131":{"start":{"line":132,"column":0},"end":{"line":132,"column":34}},"132":{"start":{"line":133,"column":0},"end":{"line":133,"column":84}},"133":{"start":{"line":134,"column":0},"end":{"line":134,"column":60}},"134":{"start":{"line":135,"column":0},"end":{"line":135,"column":14}},"135":{"start":{"line":136,"column":0},"end":{"line":136,"column":19}},"136":{"start":{"line":137,"column":0},"end":{"line":137,"column":32}},"137":{"start":{"line":138,"column":0},"end":{"line":138,"column":24}},"138":{"start":{"line":139,"column":0},"end":{"line":139,"column":14}},"139":{"start":{"line":140,"column":0},"end":{"line":140,"column":18}},"140":{"start":{"line":141,"column":0},"end":{"line":141,"column":32}},"141":{"start":{"line":142,"column":0},"end":{"line":142,"column":28}},"142":{"start":{"line":143,"column":0},"end":{"line":143,"column":14}},"143":{"start":{"line":144,"column":0},"end":{"line":144,"column":5}},"144":{"start":{"line":145,"column":0},"end":{"line":145,"column":16}},"145":{"start":{"line":146,"column":0},"end":{"line":146,"column":3}},"146":{"start":{"line":147,"column":0},"end":{"line":147,"column":0}},"147":{"start":{"line":148,"column":0},"end":{"line":148,"column":5}},"148":{"start":{"line":149,"column":0},"end":{"line":149,"column":66}},"149":{"start":{"line":150,"column":0},"end":{"line":150,"column":127}},"150":{"start":{"line":151,"column":0},"end":{"line":151,"column":49}},"151":{"start":{"line":152,"column":0},"end":{"line":152,"column":16}},"152":{"start":{"line":153,"column":0},"end":{"line":153,"column":26}},"153":{"start":{"line":154,"column":0},"end":{"line":154,"column":5}},"154":{"start":{"line":155,"column":0},"end":{"line":155,"column":59}},"155":{"start":{"line":156,"column":0},"end":{"line":156,"column":81}},"156":{"start":{"line":157,"column":0},"end":{"line":157,"column":19}},"157":{"start":{"line":158,"column":0},"end":{"line":158,"column":21}},"158":{"start":{"line":159,"column":0},"end":{"line":159,"column":34}},"159":{"start":{"line":160,"column":0},"end":{"line":160,"column":14}},"160":{"start":{"line":161,"column":0},"end":{"line":161,"column":21}},"161":{"start":{"line":162,"column":0},"end":{"line":162,"column":33}},"162":{"start":{"line":163,"column":0},"end":{"line":163,"column":14}},"163":{"start":{"line":164,"column":0},"end":{"line":164,"column":19}},"164":{"start":{"line":165,"column":0},"end":{"line":165,"column":37}},"165":{"start":{"line":166,"column":0},"end":{"line":166,"column":14}},"166":{"start":{"line":167,"column":0},"end":{"line":167,"column":18}},"167":{"start":{"line":168,"column":0},"end":{"line":168,"column":39}},"168":{"start":{"line":169,"column":0},"end":{"line":169,"column":14}},"169":{"start":{"line":170,"column":0},"end":{"line":170,"column":21}},"170":{"start":{"line":171,"column":0},"end":{"line":171,"column":30}},"171":{"start":{"line":172,"column":0},"end":{"line":172,"column":47}},"172":{"start":{"line":173,"column":0},"end":{"line":173,"column":46}},"173":{"start":{"line":174,"column":0},"end":{"line":174,"column":61}},"174":{"start":{"line":175,"column":0},"end":{"line":175,"column":14}},"175":{"start":{"line":176,"column":0},"end":{"line":176,"column":19}},"176":{"start":{"line":177,"column":0},"end":{"line":177,"column":30}},"177":{"start":{"line":178,"column":0},"end":{"line":178,"column":39}},"178":{"start":{"line":179,"column":0},"end":{"line":179,"column":24}},"179":{"start":{"line":180,"column":0},"end":{"line":180,"column":14}},"180":{"start":{"line":181,"column":0},"end":{"line":181,"column":18}},"181":{"start":{"line":182,"column":0},"end":{"line":182,"column":30}},"182":{"start":{"line":183,"column":0},"end":{"line":183,"column":30}},"183":{"start":{"line":184,"column":0},"end":{"line":184,"column":14}},"184":{"start":{"line":185,"column":0},"end":{"line":185,"column":5}},"185":{"start":{"line":186,"column":0},"end":{"line":186,"column":16}},"186":{"start":{"line":187,"column":0},"end":{"line":187,"column":3}},"187":{"start":{"line":188,"column":0},"end":{"line":188,"column":0}},"188":{"start":{"line":189,"column":0},"end":{"line":189,"column":5}},"189":{"start":{"line":190,"column":0},"end":{"line":190,"column":67}},"190":{"start":{"line":191,"column":0},"end":{"line":191,"column":135}},"191":{"start":{"line":192,"column":0},"end":{"line":192,"column":47}},"192":{"start":{"line":193,"column":0},"end":{"line":193,"column":47}},"193":{"start":{"line":194,"column":0},"end":{"line":194,"column":16}},"194":{"start":{"line":195,"column":0},"end":{"line":195,"column":5}},"195":{"start":{"line":196,"column":0},"end":{"line":196,"column":47}},"196":{"start":{"line":197,"column":0},"end":{"line":197,"column":81}},"197":{"start":{"line":198,"column":0},"end":{"line":198,"column":24}},"198":{"start":{"line":199,"column":0},"end":{"line":199,"column":16}},"199":{"start":{"line":200,"column":0},"end":{"line":200,"column":3}},"200":{"start":{"line":201,"column":0},"end":{"line":201,"column":0}},"201":{"start":{"line":202,"column":0},"end":{"line":202,"column":5}},"202":{"start":{"line":203,"column":0},"end":{"line":203,"column":29}},"203":{"start":{"line":204,"column":0},"end":{"line":204,"column":109}},"204":{"start":{"line":205,"column":0},"end":{"line":205,"column":43}},"205":{"start":{"line":206,"column":0},"end":{"line":206,"column":64}},"206":{"start":{"line":207,"column":0},"end":{"line":207,"column":91}},"207":{"start":{"line":208,"column":0},"end":{"line":208,"column":5}},"208":{"start":{"line":209,"column":0},"end":{"line":209,"column":73}},"209":{"start":{"line":210,"column":0},"end":{"line":210,"column":66}},"210":{"start":{"line":211,"column":0},"end":{"line":211,"column":3}},"211":{"start":{"line":212,"column":0},"end":{"line":212,"column":0}},"212":{"start":{"line":213,"column":0},"end":{"line":213,"column":5}},"213":{"start":{"line":214,"column":0},"end":{"line":214,"column":55}},"214":{"start":{"line":215,"column":0},"end":{"line":215,"column":48}},"215":{"start":{"line":216,"column":0},"end":{"line":216,"column":54}},"216":{"start":{"line":217,"column":0},"end":{"line":217,"column":17}},"217":{"start":{"line":218,"column":0},"end":{"line":218,"column":5}},"218":{"start":{"line":219,"column":0},"end":{"line":219,"column":53}},"219":{"start":{"line":220,"column":0},"end":{"line":220,"column":57}},"220":{"start":{"line":221,"column":0},"end":{"line":221,"column":81}},"221":{"start":{"line":222,"column":0},"end":{"line":222,"column":12}},"222":{"start":{"line":223,"column":0},"end":{"line":223,"column":80}},"223":{"start":{"line":224,"column":0},"end":{"line":224,"column":6}},"224":{"start":{"line":225,"column":0},"end":{"line":225,"column":3}},"225":{"start":{"line":226,"column":0},"end":{"line":226,"column":0}},"226":{"start":{"line":227,"column":0},"end":{"line":227,"column":5}},"227":{"start":{"line":228,"column":0},"end":{"line":228,"column":54}},"228":{"start":{"line":229,"column":0},"end":{"line":229,"column":48}},"229":{"start":{"line":230,"column":0},"end":{"line":230,"column":54}},"230":{"start":{"line":231,"column":0},"end":{"line":231,"column":17}},"231":{"start":{"line":232,"column":0},"end":{"line":232,"column":5}},"232":{"start":{"line":233,"column":0},"end":{"line":233,"column":52}},"233":{"start":{"line":234,"column":0},"end":{"line":234,"column":57}},"234":{"start":{"line":235,"column":0},"end":{"line":235,"column":81}},"235":{"start":{"line":236,"column":0},"end":{"line":236,"column":12}},"236":{"start":{"line":237,"column":0},"end":{"line":237,"column":80}},"237":{"start":{"line":238,"column":0},"end":{"line":238,"column":6}},"238":{"start":{"line":239,"column":0},"end":{"line":239,"column":3}},"239":{"start":{"line":240,"column":0},"end":{"line":240,"column":0}},"240":{"start":{"line":241,"column":0},"end":{"line":241,"column":5}},"241":{"start":{"line":242,"column":0},"end":{"line":242,"column":53}},"242":{"start":{"line":243,"column":0},"end":{"line":243,"column":48}},"243":{"start":{"line":244,"column":0},"end":{"line":244,"column":54}},"244":{"start":{"line":245,"column":0},"end":{"line":245,"column":17}},"245":{"start":{"line":246,"column":0},"end":{"line":246,"column":5}},"246":{"start":{"line":247,"column":0},"end":{"line":247,"column":51}},"247":{"start":{"line":248,"column":0},"end":{"line":248,"column":59}},"248":{"start":{"line":249,"column":0},"end":{"line":249,"column":81}},"249":{"start":{"line":250,"column":0},"end":{"line":250,"column":40}},"250":{"start":{"line":251,"column":0},"end":{"line":251,"column":12}},"251":{"start":{"line":252,"column":0},"end":{"line":252,"column":76}},"252":{"start":{"line":253,"column":0},"end":{"line":253,"column":6}},"253":{"start":{"line":254,"column":0},"end":{"line":254,"column":3}},"254":{"start":{"line":255,"column":0},"end":{"line":255,"column":0}},"255":{"start":{"line":256,"column":0},"end":{"line":256,"column":5}},"256":{"start":{"line":257,"column":0},"end":{"line":257,"column":108}},"257":{"start":{"line":258,"column":0},"end":{"line":258,"column":16}},"258":{"start":{"line":259,"column":0},"end":{"line":259,"column":17}},"259":{"start":{"line":260,"column":0},"end":{"line":260,"column":17}},"260":{"start":{"line":261,"column":0},"end":{"line":261,"column":85}},"261":{"start":{"line":262,"column":0},"end":{"line":262,"column":74}},"262":{"start":{"line":263,"column":0},"end":{"line":263,"column":5}},"263":{"start":{"line":264,"column":0},"end":{"line":264,"column":12}},"264":{"start":{"line":265,"column":0},"end":{"line":265,"column":19}},"265":{"start":{"line":266,"column":0},"end":{"line":266,"column":20}},"266":{"start":{"line":267,"column":0},"end":{"line":267,"column":16}},"267":{"start":{"line":268,"column":0},"end":{"line":268,"column":49}},"268":{"start":{"line":269,"column":0},"end":{"line":269,"column":14}},"269":{"start":{"line":270,"column":0},"end":{"line":270,"column":89}},"270":{"start":{"line":271,"column":0},"end":{"line":271,"column":51}},"271":{"start":{"line":272,"column":0},"end":{"line":272,"column":52}},"272":{"start":{"line":273,"column":0},"end":{"line":273,"column":0}},"273":{"start":{"line":274,"column":0},"end":{"line":274,"column":27}},"274":{"start":{"line":275,"column":0},"end":{"line":275,"column":34}},"275":{"start":{"line":276,"column":0},"end":{"line":276,"column":40}},"276":{"start":{"line":277,"column":0},"end":{"line":277,"column":23}},"277":{"start":{"line":278,"column":0},"end":{"line":278,"column":36}},"278":{"start":{"line":279,"column":0},"end":{"line":279,"column":40}},"279":{"start":{"line":280,"column":0},"end":{"line":280,"column":20}},"280":{"start":{"line":281,"column":0},"end":{"line":281,"column":35}},"281":{"start":{"line":282,"column":0},"end":{"line":282,"column":39}},"282":{"start":{"line":283,"column":0},"end":{"line":283,"column":23}},"283":{"start":{"line":284,"column":0},"end":{"line":284,"column":35}},"284":{"start":{"line":285,"column":0},"end":{"line":285,"column":39}},"285":{"start":{"line":286,"column":0},"end":{"line":286,"column":3}},"286":{"start":{"line":287,"column":0},"end":{"line":287,"column":0}},"287":{"start":{"line":288,"column":0},"end":{"line":288,"column":5}},"288":{"start":{"line":289,"column":0},"end":{"line":289,"column":68}},"289":{"start":{"line":290,"column":0},"end":{"line":290,"column":18}},"290":{"start":{"line":291,"column":0},"end":{"line":291,"column":20}},"291":{"start":{"line":292,"column":0},"end":{"line":292,"column":5}},"292":{"start":{"line":293,"column":0},"end":{"line":293,"column":8}},"293":{"start":{"line":294,"column":0},"end":{"line":294,"column":25}},"294":{"start":{"line":295,"column":0},"end":{"line":295,"column":60}},"295":{"start":{"line":296,"column":0},"end":{"line":296,"column":10}},"296":{"start":{"line":297,"column":0},"end":{"line":297,"column":21}},"297":{"start":{"line":298,"column":0},"end":{"line":298,"column":45}},"298":{"start":{"line":299,"column":0},"end":{"line":299,"column":26}},"299":{"start":{"line":300,"column":0},"end":{"line":300,"column":42}},"300":{"start":{"line":301,"column":0},"end":{"line":301,"column":49}},"301":{"start":{"line":302,"column":0},"end":{"line":302,"column":17}},"302":{"start":{"line":303,"column":0},"end":{"line":303,"column":3}},"303":{"start":{"line":304,"column":0},"end":{"line":304,"column":0}},"304":{"start":{"line":305,"column":0},"end":{"line":305,"column":5}},"305":{"start":{"line":306,"column":0},"end":{"line":306,"column":34}},"306":{"start":{"line":307,"column":0},"end":{"line":307,"column":5}},"307":{"start":{"line":308,"column":0},"end":{"line":308,"column":25}},"308":{"start":{"line":309,"column":0},"end":{"line":309,"column":29}},"309":{"start":{"line":310,"column":0},"end":{"line":310,"column":3}},"310":{"start":{"line":311,"column":0},"end":{"line":311,"column":0}},"311":{"start":{"line":312,"column":0},"end":{"line":312,"column":5}},"312":{"start":{"line":313,"column":0},"end":{"line":313,"column":34}},"313":{"start":{"line":314,"column":0},"end":{"line":314,"column":5}},"314":{"start":{"line":315,"column":0},"end":{"line":315,"column":30}},"315":{"start":{"line":316,"column":0},"end":{"line":316,"column":27}},"316":{"start":{"line":317,"column":0},"end":{"line":317,"column":3}},"317":{"start":{"line":318,"column":0},"end":{"line":318,"column":0}},"318":{"start":{"line":319,"column":0},"end":{"line":319,"column":5}},"319":{"start":{"line":320,"column":0},"end":{"line":320,"column":28}},"320":{"start":{"line":321,"column":0},"end":{"line":321,"column":5}},"321":{"start":{"line":322,"column":0},"end":{"line":322,"column":34}},"322":{"start":{"line":323,"column":0},"end":{"line":323,"column":58}},"323":{"start":{"line":324,"column":0},"end":{"line":324,"column":3}},"324":{"start":{"line":325,"column":0},"end":{"line":325,"column":0}},"325":{"start":{"line":326,"column":0},"end":{"line":326,"column":5}},"326":{"start":{"line":327,"column":0},"end":{"line":327,"column":34}},"327":{"start":{"line":328,"column":0},"end":{"line":328,"column":5}},"328":{"start":{"line":329,"column":0},"end":{"line":329,"column":25}},"329":{"start":{"line":330,"column":0},"end":{"line":330,"column":29}},"330":{"start":{"line":331,"column":0},"end":{"line":331,"column":3}},"331":{"start":{"line":332,"column":0},"end":{"line":332,"column":0}},"332":{"start":{"line":333,"column":0},"end":{"line":333,"column":5}},"333":{"start":{"line":334,"column":0},"end":{"line":334,"column":34}},"334":{"start":{"line":335,"column":0},"end":{"line":335,"column":5}},"335":{"start":{"line":336,"column":0},"end":{"line":336,"column":30}},"336":{"start":{"line":337,"column":0},"end":{"line":337,"column":27}},"337":{"start":{"line":338,"column":0},"end":{"line":338,"column":3}},"338":{"start":{"line":339,"column":0},"end":{"line":339,"column":0}},"339":{"start":{"line":340,"column":0},"end":{"line":340,"column":5}},"340":{"start":{"line":341,"column":0},"end":{"line":341,"column":30}},"341":{"start":{"line":342,"column":0},"end":{"line":342,"column":5}},"342":{"start":{"line":343,"column":0},"end":{"line":343,"column":34}},"343":{"start":{"line":344,"column":0},"end":{"line":344,"column":58}},"344":{"start":{"line":345,"column":0},"end":{"line":345,"column":3}},"345":{"start":{"line":346,"column":0},"end":{"line":346,"column":0}},"346":{"start":{"line":347,"column":0},"end":{"line":347,"column":5}},"347":{"start":{"line":348,"column":0},"end":{"line":348,"column":32}},"348":{"start":{"line":349,"column":0},"end":{"line":349,"column":5}},"349":{"start":{"line":350,"column":0},"end":{"line":350,"column":23}},"350":{"start":{"line":351,"column":0},"end":{"line":351,"column":27}},"351":{"start":{"line":352,"column":0},"end":{"line":352,"column":3}},"352":{"start":{"line":353,"column":0},"end":{"line":353,"column":0}},"353":{"start":{"line":354,"column":0},"end":{"line":354,"column":5}},"354":{"start":{"line":355,"column":0},"end":{"line":355,"column":32}},"355":{"start":{"line":356,"column":0},"end":{"line":356,"column":5}},"356":{"start":{"line":357,"column":0},"end":{"line":357,"column":28}},"357":{"start":{"line":358,"column":0},"end":{"line":358,"column":25}},"358":{"start":{"line":359,"column":0},"end":{"line":359,"column":3}},"359":{"start":{"line":360,"column":0},"end":{"line":360,"column":0}},"360":{"start":{"line":361,"column":0},"end":{"line":361,"column":5}},"361":{"start":{"line":362,"column":0},"end":{"line":362,"column":28}},"362":{"start":{"line":363,"column":0},"end":{"line":363,"column":5}},"363":{"start":{"line":364,"column":0},"end":{"line":364,"column":32}},"364":{"start":{"line":365,"column":0},"end":{"line":365,"column":66}},"365":{"start":{"line":366,"column":0},"end":{"line":366,"column":3}},"366":{"start":{"line":367,"column":0},"end":{"line":367,"column":0}},"367":{"start":{"line":368,"column":0},"end":{"line":368,"column":5}},"368":{"start":{"line":369,"column":0},"end":{"line":369,"column":65}},"369":{"start":{"line":370,"column":0},"end":{"line":370,"column":5}},"370":{"start":{"line":371,"column":0},"end":{"line":371,"column":38}},"371":{"start":{"line":372,"column":0},"end":{"line":372,"column":56}},"372":{"start":{"line":373,"column":0},"end":{"line":373,"column":3}},"373":{"start":{"line":374,"column":0},"end":{"line":374,"column":0}},"374":{"start":{"line":375,"column":0},"end":{"line":375,"column":5}},"375":{"start":{"line":376,"column":0},"end":{"line":376,"column":49}},"376":{"start":{"line":377,"column":0},"end":{"line":377,"column":77}},"377":{"start":{"line":378,"column":0},"end":{"line":378,"column":39}},"378":{"start":{"line":379,"column":0},"end":{"line":379,"column":18}},"379":{"start":{"line":380,"column":0},"end":{"line":380,"column":5}},"380":{"start":{"line":381,"column":0},"end":{"line":381,"column":50}},"381":{"start":{"line":382,"column":0},"end":{"line":382,"column":44}},"382":{"start":{"line":383,"column":0},"end":{"line":383,"column":22}},"383":{"start":{"line":384,"column":0},"end":{"line":384,"column":18}},"384":{"start":{"line":385,"column":0},"end":{"line":385,"column":13}},"385":{"start":{"line":386,"column":0},"end":{"line":386,"column":26}},"386":{"start":{"line":387,"column":0},"end":{"line":387,"column":50}},"387":{"start":{"line":388,"column":0},"end":{"line":388,"column":3}},"388":{"start":{"line":389,"column":0},"end":{"line":389,"column":0}},"389":{"start":{"line":390,"column":0},"end":{"line":390,"column":5}},"390":{"start":{"line":391,"column":0},"end":{"line":391,"column":31}},"391":{"start":{"line":392,"column":0},"end":{"line":392,"column":5}},"392":{"start":{"line":393,"column":0},"end":{"line":393,"column":22}},"393":{"start":{"line":394,"column":0},"end":{"line":394,"column":26}},"394":{"start":{"line":395,"column":0},"end":{"line":395,"column":3}},"395":{"start":{"line":396,"column":0},"end":{"line":396,"column":0}},"396":{"start":{"line":397,"column":0},"end":{"line":397,"column":5}},"397":{"start":{"line":398,"column":0},"end":{"line":398,"column":31}},"398":{"start":{"line":399,"column":0},"end":{"line":399,"column":5}},"399":{"start":{"line":400,"column":0},"end":{"line":400,"column":27}},"400":{"start":{"line":401,"column":0},"end":{"line":401,"column":24}},"401":{"start":{"line":402,"column":0},"end":{"line":402,"column":3}},"402":{"start":{"line":403,"column":0},"end":{"line":403,"column":0}},"403":{"start":{"line":404,"column":0},"end":{"line":404,"column":5}},"404":{"start":{"line":405,"column":0},"end":{"line":405,"column":26}},"405":{"start":{"line":406,"column":0},"end":{"line":406,"column":5}},"406":{"start":{"line":407,"column":0},"end":{"line":407,"column":31}},"407":{"start":{"line":408,"column":0},"end":{"line":408,"column":55}},"408":{"start":{"line":409,"column":0},"end":{"line":409,"column":3}},"409":{"start":{"line":410,"column":0},"end":{"line":410,"column":0}},"410":{"start":{"line":411,"column":0},"end":{"line":411,"column":5}},"411":{"start":{"line":412,"column":0},"end":{"line":412,"column":30}},"412":{"start":{"line":413,"column":0},"end":{"line":413,"column":5}},"413":{"start":{"line":414,"column":0},"end":{"line":414,"column":25}},"414":{"start":{"line":415,"column":0},"end":{"line":415,"column":25}},"415":{"start":{"line":416,"column":0},"end":{"line":416,"column":3}},"416":{"start":{"line":417,"column":0},"end":{"line":417,"column":0}},"417":{"start":{"line":418,"column":0},"end":{"line":418,"column":5}},"418":{"start":{"line":419,"column":0},"end":{"line":419,"column":32}},"419":{"start":{"line":420,"column":0},"end":{"line":420,"column":5}},"420":{"start":{"line":421,"column":0},"end":{"line":421,"column":23}},"421":{"start":{"line":422,"column":0},"end":{"line":422,"column":27}},"422":{"start":{"line":423,"column":0},"end":{"line":423,"column":3}},"423":{"start":{"line":424,"column":0},"end":{"line":424,"column":0}},"424":{"start":{"line":425,"column":0},"end":{"line":425,"column":5}},"425":{"start":{"line":426,"column":0},"end":{"line":426,"column":32}},"426":{"start":{"line":427,"column":0},"end":{"line":427,"column":5}},"427":{"start":{"line":428,"column":0},"end":{"line":428,"column":28}},"428":{"start":{"line":429,"column":0},"end":{"line":429,"column":55}},"429":{"start":{"line":430,"column":0},"end":{"line":430,"column":27}},"430":{"start":{"line":431,"column":0},"end":{"line":431,"column":45}},"431":{"start":{"line":432,"column":0},"end":{"line":432,"column":33}},"432":{"start":{"line":433,"column":0},"end":{"line":433,"column":29}},"433":{"start":{"line":434,"column":0},"end":{"line":434,"column":5}},"434":{"start":{"line":435,"column":0},"end":{"line":435,"column":25}},"435":{"start":{"line":436,"column":0},"end":{"line":436,"column":3}},"436":{"start":{"line":437,"column":0},"end":{"line":437,"column":0}},"437":{"start":{"line":438,"column":0},"end":{"line":438,"column":5}},"438":{"start":{"line":439,"column":0},"end":{"line":439,"column":76}},"439":{"start":{"line":440,"column":0},"end":{"line":440,"column":5}},"440":{"start":{"line":441,"column":0},"end":{"line":441,"column":32}},"441":{"start":{"line":442,"column":0},"end":{"line":442,"column":57}},"442":{"start":{"line":443,"column":0},"end":{"line":443,"column":3}},"443":{"start":{"line":444,"column":0},"end":{"line":444,"column":0}},"444":{"start":{"line":445,"column":0},"end":{"line":445,"column":5}},"445":{"start":{"line":446,"column":0},"end":{"line":446,"column":35}},"446":{"start":{"line":447,"column":0},"end":{"line":447,"column":5}},"447":{"start":{"line":448,"column":0},"end":{"line":448,"column":22}},"448":{"start":{"line":449,"column":0},"end":{"line":449,"column":30}},"449":{"start":{"line":450,"column":0},"end":{"line":450,"column":3}},"450":{"start":{"line":451,"column":0},"end":{"line":451,"column":0}},"451":{"start":{"line":452,"column":0},"end":{"line":452,"column":5}},"452":{"start":{"line":453,"column":0},"end":{"line":453,"column":35}},"453":{"start":{"line":454,"column":0},"end":{"line":454,"column":5}},"454":{"start":{"line":455,"column":0},"end":{"line":455,"column":27}},"455":{"start":{"line":456,"column":0},"end":{"line":456,"column":28}},"456":{"start":{"line":457,"column":0},"end":{"line":457,"column":3}},"457":{"start":{"line":458,"column":0},"end":{"line":458,"column":0}},"458":{"start":{"line":459,"column":0},"end":{"line":459,"column":41}},"459":{"start":{"line":460,"column":0},"end":{"line":460,"column":5}},"460":{"start":{"line":461,"column":0},"end":{"line":461,"column":30}},"461":{"start":{"line":462,"column":0},"end":{"line":462,"column":5}},"462":{"start":{"line":463,"column":0},"end":{"line":463,"column":22}},"463":{"start":{"line":464,"column":0},"end":{"line":464,"column":42}},"464":{"start":{"line":465,"column":0},"end":{"line":465,"column":33}},"465":{"start":{"line":466,"column":0},"end":{"line":466,"column":0}},"466":{"start":{"line":467,"column":0},"end":{"line":467,"column":62}},"467":{"start":{"line":468,"column":0},"end":{"line":468,"column":0}},"468":{"start":{"line":469,"column":0},"end":{"line":469,"column":25}},"469":{"start":{"line":470,"column":0},"end":{"line":470,"column":55}},"470":{"start":{"line":471,"column":0},"end":{"line":471,"column":62}},"471":{"start":{"line":472,"column":0},"end":{"line":472,"column":21}},"472":{"start":{"line":473,"column":0},"end":{"line":473,"column":5}},"473":{"start":{"line":474,"column":0},"end":{"line":474,"column":0}},"474":{"start":{"line":475,"column":0},"end":{"line":475,"column":22}},"475":{"start":{"line":476,"column":0},"end":{"line":476,"column":3}},"476":{"start":{"line":477,"column":0},"end":{"line":477,"column":0}},"477":{"start":{"line":478,"column":0},"end":{"line":478,"column":29}},"478":{"start":{"line":479,"column":0},"end":{"line":479,"column":14}},"479":{"start":{"line":480,"column":0},"end":{"line":480,"column":19}},"480":{"start":{"line":481,"column":0},"end":{"line":481,"column":36}},"481":{"start":{"line":482,"column":0},"end":{"line":482,"column":38}},"482":{"start":{"line":483,"column":0},"end":{"line":483,"column":39}},"483":{"start":{"line":484,"column":0},"end":{"line":484,"column":10}},"484":{"start":{"line":485,"column":0},"end":{"line":485,"column":26}},"485":{"start":{"line":486,"column":0},"end":{"line":486,"column":10}},"486":{"start":{"line":487,"column":0},"end":{"line":487,"column":15}},"487":{"start":{"line":488,"column":0},"end":{"line":488,"column":32}},"488":{"start":{"line":489,"column":0},"end":{"line":489,"column":34}},"489":{"start":{"line":490,"column":0},"end":{"line":490,"column":35}},"490":{"start":{"line":491,"column":0},"end":{"line":491,"column":10}},"491":{"start":{"line":492,"column":0},"end":{"line":492,"column":42}},"492":{"start":{"line":493,"column":0},"end":{"line":493,"column":3}},"493":{"start":{"line":494,"column":0},"end":{"line":494,"column":0}},"494":{"start":{"line":495,"column":0},"end":{"line":495,"column":20}},"495":{"start":{"line":496,"column":0},"end":{"line":496,"column":83}},"496":{"start":{"line":497,"column":0},"end":{"line":497,"column":3}},"497":{"start":{"line":498,"column":0},"end":{"line":498,"column":0}},"498":{"start":{"line":499,"column":0},"end":{"line":499,"column":28}},"499":{"start":{"line":500,"column":0},"end":{"line":500,"column":92}},"500":{"start":{"line":501,"column":0},"end":{"line":501,"column":3}},"501":{"start":{"line":502,"column":0},"end":{"line":502,"column":0}},"502":{"start":{"line":503,"column":0},"end":{"line":503,"column":82}},"503":{"start":{"line":504,"column":0},"end":{"line":504,"column":79}},"504":{"start":{"line":505,"column":0},"end":{"line":505,"column":1}}},"s":{"0":1,"1":1,"2":1,"3":1,"4":1,"5":1,"6":1,"7":1,"8":1,"9":1,"10":1,"11":1,"12":1,"13":1,"14":1,"15":1,"16":1,"17":1,"18":1,"19":1,"20":1,"21":1,"22":1,"23":1,"24":1,"25":1,"26":1,"27":1,"28":1,"29":1,"30":1,"31":3,"32":3,"33":1,"34":3,"35":1,"36":1,"37":1,"38":1,"39":3,"40":1,"41":3,"42":3,"43":1,"44":1,"45":1,"46":1,"47":1,"48":1,"49":1,"50":1,"51":1,"52":1,"53":37,"54":37,"55":37,"56":37,"57":37,"58":37,"59":13,"60":13,"61":13,"62":37,"63":37,"64":37,"65":37,"66":37,"67":37,"68":37,"69":37,"70":3,"71":3,"72":2,"73":2,"74":2,"75":2,"76":2,"77":2,"78":2,"79":2,"80":2,"81":37,"82":37,"83":37,"84":37,"85":37,"86":37,"87":37,"88":1,"89":1,"90":37,"91":37,"92":37,"93":37,"94":37,"95":10,"96":10,"97":10,"98":10,"99":10,"100":10,"101":10,"102":10,"103":10,"104":10,"105":37,"106":37,"107":37,"108":37,"109":37,"110":37,"111":37,"112":37,"113":37,"114":25,"115":25,"116":25,"117":1,"118":1,"119":25,"120":1,"121":1,"122":25,"123":1,"124":1,"125":25,"126":16,"127":16,"128":25,"129":3,"130":3,"131":3,"132":3,"133":3,"134":2,"135":25,"136":1,"137":1,"138":1,"139":25,"140":1,"141":1,"142":1,"143":25,"144":25,"145":24,"146":37,"147":37,"148":37,"149":37,"150":37,"151":37,"152":37,"153":37,"154":37,"155":15,"156":15,"157":15,"158":1,"159":1,"160":15,"161":1,"162":1,"163":15,"164":1,"165":1,"166":15,"167":6,"168":6,"169":15,"170":3,"171":3,"172":3,"173":3,"174":2,"175":15,"176":1,"177":1,"178":1,"179":1,"180":15,"181":1,"182":1,"183":1,"184":15,"185":15,"186":14,"187":37,"188":37,"189":37,"190":37,"191":37,"192":37,"193":37,"194":37,"195":37,"196":6,"197":6,"198":5,"199":5,"200":37,"201":37,"202":37,"203":37,"204":37,"205":37,"206":37,"207":37,"208":37,"209":1,"210":1,"211":37,"212":37,"213":37,"214":37,"215":37,"216":37,"217":37,"218":37,"219":9,"220":9,"221":1,"222":2,"223":2,"224":2,"225":37,"226":37,"227":37,"228":37,"229":37,"230":37,"231":37,"232":37,"233":9,"234":9,"235":1,"236":2,"237":2,"238":2,"239":37,"240":37,"241":37,"242":37,"243":37,"244":37,"245":37,"246":37,"247":3,"248":3,"249":1,"250":1,"251":1,"252":1,"253":1,"254":37,"255":37,"256":37,"257":37,"258":37,"259":37,"260":37,"261":37,"262":37,"263":37,"264":7,"265":7,"266":7,"267":7,"268":7,"269":7,"270":7,"271":6,"272":6,"273":6,"274":4,"275":2,"276":5,"277":3,"278":2,"279":1,"280":1,"281":0,"282":0,"283":0,"284":0,"285":7,"286":37,"287":37,"288":37,"289":37,"290":37,"291":37,"292":37,"293":0,"294":0,"295":0,"296":0,"297":0,"298":0,"299":0,"300":0,"301":0,"302":0,"303":37,"304":37,"305":37,"306":37,"307":37,"308":12,"309":12,"310":37,"311":37,"312":37,"313":37,"314":37,"315":0,"316":0,"317":37,"318":37,"319":37,"320":37,"321":37,"322":0,"323":0,"324":37,"325":37,"326":37,"327":37,"328":37,"329":12,"330":12,"331":37,"332":37,"333":37,"334":37,"335":37,"336":0,"337":0,"338":37,"339":37,"340":37,"341":37,"342":37,"343":0,"344":0,"345":37,"346":37,"347":37,"348":37,"349":37,"350":12,"351":12,"352":37,"353":37,"354":37,"355":37,"356":37,"357":0,"358":0,"359":37,"360":37,"361":37,"362":37,"363":37,"364":0,"365":0,"366":37,"367":37,"368":37,"369":37,"370":37,"371":0,"372":0,"373":37,"374":37,"375":37,"376":37,"377":37,"378":37,"379":37,"380":37,"381":0,"382":0,"383":0,"384":0,"385":0,"386":0,"387":0,"388":37,"389":37,"390":37,"391":37,"392":37,"393":49,"394":49,"395":37,"396":37,"397":37,"398":37,"399":37,"400":4,"401":4,"402":37,"403":37,"404":37,"405":37,"406":37,"407":0,"408":0,"409":37,"410":37,"411":37,"412":37,"413":37,"414":17,"415":17,"416":37,"417":37,"418":37,"419":37,"420":37,"421":16,"422":16,"423":37,"424":37,"425":37,"426":37,"427":37,"428":1,"429":1,"430":1,"431":1,"432":0,"433":0,"434":1,"435":1,"436":37,"437":37,"438":37,"439":37,"440":37,"441":0,"442":0,"443":37,"444":37,"445":37,"446":37,"447":37,"448":15,"449":15,"450":37,"451":37,"452":37,"453":37,"454":37,"455":0,"456":0,"457":37,"458":37,"459":37,"460":37,"461":37,"462":37,"463":0,"464":0,"465":0,"466":0,"467":0,"468":0,"469":0,"470":0,"471":0,"472":0,"473":0,"474":0,"475":0,"476":37,"477":37,"478":0,"479":0,"480":0,"481":0,"482":0,"483":0,"484":0,"485":0,"486":0,"487":0,"488":0,"489":0,"490":0,"491":0,"492":0,"493":37,"494":37,"495":0,"496":0,"497":37,"498":37,"499":0,"500":0,"501":37,"502":37,"503":37,"504":27},"branchMap":{"0":{"type":"branch","line":1,"loc":{"start":{"line":1,"column":7},"end":{"line":1,"column":18}},"locations":[{"start":{"line":1,"column":7},"end":{"line":1,"column":18}}]},"1":{"type":"branch","line":1,"loc":{"start":{"line":1,"column":12},"end":{"line":1,"column":18}},"locations":[{"start":{"line":1,"column":12},"end":{"line":1,"column":18}}]},"2":{"type":"branch","line":31,"loc":{"start":{"line":31,"column":32},"end":{"line":43,"column":2}},"locations":[{"start":{"line":31,"column":32},"end":{"line":43,"column":2}}]},"3":{"type":"branch","line":33,"loc":{"start":{"line":33,"column":4},"end":{"line":34,"column":36}},"locations":[{"start":{"line":33,"column":4},"end":{"line":34,"column":36}}]},"4":{"type":"branch","line":35,"loc":{"start":{"line":35,"column":4},"end":{"line":39,"column":8}},"locations":[{"start":{"line":35,"column":4},"end":{"line":39,"column":8}}]},"5":{"type":"branch","line":40,"loc":{"start":{"line":40,"column":4},"end":{"line":41,"column":33}},"locations":[{"start":{"line":40,"column":4},"end":{"line":41,"column":33}}]},"6":{"type":"branch","line":43,"loc":{"start":{"line":43,"column":0},"end":{"line":43,"column":2}},"locations":[{"start":{"line":43,"column":0},"end":{"line":43,"column":2}}]},"7":{"type":"branch","line":53,"loc":{"start":{"line":53,"column":2},"end":{"line":504,"column":79}},"locations":[{"start":{"line":53,"column":2},"end":{"line":504,"column":79}}]},"8":{"type":"branch","line":59,"loc":{"start":{"line":59,"column":2},"end":{"line":62,"column":3}},"locations":[{"start":{"line":59,"column":2},"end":{"line":62,"column":3}}]},"9":{"type":"branch","line":70,"loc":{"start":{"line":70,"column":9},"end":{"line":81,"column":3}},"locations":[{"start":{"line":70,"column":9},"end":{"line":81,"column":3}}]},"10":{"type":"branch","line":71,"loc":{"start":{"line":71,"column":15},"end":{"line":72,"column":11}},"locations":[{"start":{"line":71,"column":15},"end":{"line":72,"column":11}}]},"11":{"type":"branch","line":72,"loc":{"start":{"line":72,"column":4},"end":{"line":81,"column":3}},"locations":[{"start":{"line":72,"column":4},"end":{"line":81,"column":3}}]},"12":{"type":"branch","line":88,"loc":{"start":{"line":88,"column":9},"end":{"line":90,"column":3}},"locations":[{"start":{"line":88,"column":9},"end":{"line":90,"column":3}}]},"13":{"type":"branch","line":95,"loc":{"start":{"line":95,"column":2},"end":{"line":105,"column":3}},"locations":[{"start":{"line":95,"column":2},"end":{"line":105,"column":3}}]},"14":{"type":"branch","line":114,"loc":{"start":{"line":114,"column":2},"end":{"line":146,"column":3}},"locations":[{"start":{"line":114,"column":2},"end":{"line":146,"column":3}}]},"15":{"type":"branch","line":115,"loc":{"start":{"line":115,"column":34},"end":{"line":116,"column":12}},"locations":[{"start":{"line":115,"column":34},"end":{"line":116,"column":12}}]},"16":{"type":"branch","line":116,"loc":{"start":{"line":116,"column":4},"end":{"line":117,"column":11}},"locations":[{"start":{"line":116,"column":4},"end":{"line":117,"column":11}}]},"17":{"type":"branch","line":117,"loc":{"start":{"line":117,"column":6},"end":{"line":119,"column":14}},"locations":[{"start":{"line":117,"column":6},"end":{"line":119,"column":14}}]},"18":{"type":"branch","line":120,"loc":{"start":{"line":120,"column":6},"end":{"line":122,"column":14}},"locations":[{"start":{"line":120,"column":6},"end":{"line":122,"column":14}}]},"19":{"type":"branch","line":123,"loc":{"start":{"line":123,"column":6},"end":{"line":125,"column":14}},"locations":[{"start":{"line":123,"column":6},"end":{"line":125,"column":14}}]},"20":{"type":"branch","line":126,"loc":{"start":{"line":126,"column":6},"end":{"line":128,"column":14}},"locations":[{"start":{"line":126,"column":6},"end":{"line":128,"column":14}}]},"21":{"type":"branch","line":129,"loc":{"start":{"line":129,"column":6},"end":{"line":135,"column":14}},"locations":[{"start":{"line":129,"column":6},"end":{"line":135,"column":14}}]},"22":{"type":"branch","line":131,"loc":{"start":{"line":131,"column":45},"end":{"line":132,"column":12}},"locations":[{"start":{"line":131,"column":45},"end":{"line":132,"column":12}}]},"23":{"type":"branch","line":132,"loc":{"start":{"line":132,"column":8},"end":{"line":133,"column":36}},"locations":[{"start":{"line":132,"column":8},"end":{"line":133,"column":36}}]},"24":{"type":"branch","line":133,"loc":{"start":{"line":133,"column":31},"end":{"line":133,"column":56}},"locations":[{"start":{"line":133,"column":31},"end":{"line":133,"column":56}}]},"25":{"type":"branch","line":133,"loc":{"start":{"line":133,"column":56},"end":{"line":134,"column":13}},"locations":[{"start":{"line":133,"column":56},"end":{"line":134,"column":13}}]},"26":{"type":"branch","line":134,"loc":{"start":{"line":134,"column":8},"end":{"line":135,"column":14}},"locations":[{"start":{"line":134,"column":8},"end":{"line":135,"column":14}}]},"27":{"type":"branch","line":136,"loc":{"start":{"line":136,"column":6},"end":{"line":139,"column":14}},"locations":[{"start":{"line":136,"column":6},"end":{"line":139,"column":14}}]},"28":{"type":"branch","line":140,"loc":{"start":{"line":140,"column":6},"end":{"line":143,"column":14}},"locations":[{"start":{"line":140,"column":6},"end":{"line":143,"column":14}}]},"29":{"type":"branch","line":145,"loc":{"start":{"line":145,"column":4},"end":{"line":146,"column":3}},"locations":[{"start":{"line":145,"column":4},"end":{"line":146,"column":3}}]},"30":{"type":"branch","line":155,"loc":{"start":{"line":155,"column":2},"end":{"line":187,"column":3}},"locations":[{"start":{"line":155,"column":2},"end":{"line":187,"column":3}}]},"31":{"type":"branch","line":156,"loc":{"start":{"line":156,"column":34},"end":{"line":157,"column":12}},"locations":[{"start":{"line":156,"column":34},"end":{"line":157,"column":12}}]},"32":{"type":"branch","line":157,"loc":{"start":{"line":157,"column":4},"end":{"line":158,"column":11}},"locations":[{"start":{"line":157,"column":4},"end":{"line":158,"column":11}}]},"33":{"type":"branch","line":158,"loc":{"start":{"line":158,"column":6},"end":{"line":160,"column":14}},"locations":[{"start":{"line":158,"column":6},"end":{"line":160,"column":14}}]},"34":{"type":"branch","line":161,"loc":{"start":{"line":161,"column":6},"end":{"line":163,"column":14}},"locations":[{"start":{"line":161,"column":6},"end":{"line":163,"column":14}}]},"35":{"type":"branch","line":164,"loc":{"start":{"line":164,"column":6},"end":{"line":166,"column":14}},"locations":[{"start":{"line":164,"column":6},"end":{"line":166,"column":14}}]},"36":{"type":"branch","line":167,"loc":{"start":{"line":167,"column":6},"end":{"line":169,"column":14}},"locations":[{"start":{"line":167,"column":6},"end":{"line":169,"column":14}}]},"37":{"type":"branch","line":170,"loc":{"start":{"line":170,"column":6},"end":{"line":175,"column":14}},"locations":[{"start":{"line":170,"column":6},"end":{"line":175,"column":14}}]},"38":{"type":"branch","line":173,"loc":{"start":{"line":173,"column":40},"end":{"line":174,"column":13}},"locations":[{"start":{"line":173,"column":40},"end":{"line":174,"column":13}}]},"39":{"type":"branch","line":174,"loc":{"start":{"line":174,"column":8},"end":{"line":175,"column":14}},"locations":[{"start":{"line":174,"column":8},"end":{"line":175,"column":14}}]},"40":{"type":"branch","line":176,"loc":{"start":{"line":176,"column":6},"end":{"line":180,"column":14}},"locations":[{"start":{"line":176,"column":6},"end":{"line":180,"column":14}}]},"41":{"type":"branch","line":181,"loc":{"start":{"line":181,"column":6},"end":{"line":184,"column":14}},"locations":[{"start":{"line":181,"column":6},"end":{"line":184,"column":14}}]},"42":{"type":"branch","line":186,"loc":{"start":{"line":186,"column":4},"end":{"line":187,"column":3}},"locations":[{"start":{"line":186,"column":4},"end":{"line":187,"column":3}}]},"43":{"type":"branch","line":196,"loc":{"start":{"line":196,"column":2},"end":{"line":200,"column":3}},"locations":[{"start":{"line":196,"column":2},"end":{"line":200,"column":3}}]},"44":{"type":"branch","line":197,"loc":{"start":{"line":197,"column":34},"end":{"line":198,"column":9}},"locations":[{"start":{"line":197,"column":34},"end":{"line":198,"column":9}}]},"45":{"type":"branch","line":198,"loc":{"start":{"line":198,"column":4},"end":{"line":200,"column":3}},"locations":[{"start":{"line":198,"column":4},"end":{"line":200,"column":3}}]},"46":{"type":"branch","line":209,"loc":{"start":{"line":209,"column":2},"end":{"line":211,"column":3}},"locations":[{"start":{"line":209,"column":2},"end":{"line":211,"column":3}}]},"47":{"type":"branch","line":219,"loc":{"start":{"line":219,"column":2},"end":{"line":225,"column":3}},"locations":[{"start":{"line":219,"column":2},"end":{"line":225,"column":3}}]},"48":{"type":"branch","line":220,"loc":{"start":{"line":220,"column":15},"end":{"line":221,"column":8}},"locations":[{"start":{"line":220,"column":15},"end":{"line":221,"column":8}}]},"49":{"type":"branch","line":221,"loc":{"start":{"line":221,"column":4},"end":{"line":221,"column":40}},"locations":[{"start":{"line":221,"column":4},"end":{"line":221,"column":40}}]},"50":{"type":"branch","line":221,"loc":{"start":{"line":221,"column":34},"end":{"line":222,"column":12}},"locations":[{"start":{"line":221,"column":34},"end":{"line":222,"column":12}}]},"51":{"type":"branch","line":222,"loc":{"start":{"line":222,"column":4},"end":{"line":225,"column":3}},"locations":[{"start":{"line":222,"column":4},"end":{"line":225,"column":3}}]},"52":{"type":"branch","line":233,"loc":{"start":{"line":233,"column":2},"end":{"line":239,"column":3}},"locations":[{"start":{"line":233,"column":2},"end":{"line":239,"column":3}}]},"53":{"type":"branch","line":234,"loc":{"start":{"line":234,"column":15},"end":{"line":235,"column":8}},"locations":[{"start":{"line":234,"column":15},"end":{"line":235,"column":8}}]},"54":{"type":"branch","line":235,"loc":{"start":{"line":235,"column":4},"end":{"line":235,"column":40}},"locations":[{"start":{"line":235,"column":4},"end":{"line":235,"column":40}}]},"55":{"type":"branch","line":235,"loc":{"start":{"line":235,"column":34},"end":{"line":236,"column":12}},"locations":[{"start":{"line":235,"column":34},"end":{"line":236,"column":12}}]},"56":{"type":"branch","line":236,"loc":{"start":{"line":236,"column":4},"end":{"line":239,"column":3}},"locations":[{"start":{"line":236,"column":4},"end":{"line":239,"column":3}}]},"57":{"type":"branch","line":247,"loc":{"start":{"line":247,"column":2},"end":{"line":254,"column":3}},"locations":[{"start":{"line":247,"column":2},"end":{"line":254,"column":3}}]},"58":{"type":"branch","line":248,"loc":{"start":{"line":248,"column":15},"end":{"line":249,"column":8}},"locations":[{"start":{"line":248,"column":15},"end":{"line":249,"column":8}}]},"59":{"type":"branch","line":249,"loc":{"start":{"line":249,"column":4},"end":{"line":249,"column":40}},"locations":[{"start":{"line":249,"column":4},"end":{"line":249,"column":40}}]},"60":{"type":"branch","line":249,"loc":{"start":{"line":249,"column":34},"end":{"line":254,"column":3}},"locations":[{"start":{"line":249,"column":34},"end":{"line":254,"column":3}}]},"61":{"type":"branch","line":264,"loc":{"start":{"line":264,"column":2},"end":{"line":286,"column":3}},"locations":[{"start":{"line":264,"column":2},"end":{"line":286,"column":3}}]},"62":{"type":"branch","line":270,"loc":{"start":{"line":270,"column":8},"end":{"line":270,"column":42}},"locations":[{"start":{"line":270,"column":8},"end":{"line":270,"column":42}}]},"63":{"type":"branch","line":270,"loc":{"start":{"line":270,"column":42},"end":{"line":271,"column":10}},"locations":[{"start":{"line":270,"column":42},"end":{"line":271,"column":10}}]},"64":{"type":"branch","line":271,"loc":{"start":{"line":271,"column":4},"end":{"line":274,"column":27}},"locations":[{"start":{"line":271,"column":4},"end":{"line":274,"column":27}}]},"65":{"type":"branch","line":274,"loc":{"start":{"line":274,"column":12},"end":{"line":275,"column":34}},"locations":[{"start":{"line":274,"column":12},"end":{"line":275,"column":34}}]},"66":{"type":"branch","line":275,"loc":{"start":{"line":275,"column":33},"end":{"line":276,"column":40}},"locations":[{"start":{"line":275,"column":33},"end":{"line":276,"column":40}}]},"67":{"type":"branch","line":276,"loc":{"start":{"line":276,"column":35},"end":{"line":279,"column":40}},"locations":[{"start":{"line":276,"column":35},"end":{"line":279,"column":40}}]},"68":{"type":"branch","line":277,"loc":{"start":{"line":277,"column":7},"end":{"line":278,"column":36}},"locations":[{"start":{"line":277,"column":7},"end":{"line":278,"column":36}}]},"69":{"type":"branch","line":278,"loc":{"start":{"line":278,"column":35},"end":{"line":279,"column":40}},"locations":[{"start":{"line":278,"column":35},"end":{"line":279,"column":40}}]},"70":{"type":"branch","line":279,"loc":{"start":{"line":279,"column":35},"end":{"line":285,"column":39}},"locations":[{"start":{"line":279,"column":35},"end":{"line":285,"column":39}}]},"71":{"type":"branch","line":281,"loc":{"start":{"line":281,"column":34},"end":{"line":282,"column":39}},"locations":[{"start":{"line":281,"column":34},"end":{"line":282,"column":39}}]},"72":{"type":"branch","line":282,"loc":{"start":{"line":282,"column":34},"end":{"line":285,"column":39}},"locations":[{"start":{"line":282,"column":34},"end":{"line":285,"column":39}}]},"73":{"type":"branch","line":308,"loc":{"start":{"line":308,"column":2},"end":{"line":310,"column":3}},"locations":[{"start":{"line":308,"column":2},"end":{"line":310,"column":3}}]},"74":{"type":"branch","line":329,"loc":{"start":{"line":329,"column":2},"end":{"line":331,"column":3}},"locations":[{"start":{"line":329,"column":2},"end":{"line":331,"column":3}}]},"75":{"type":"branch","line":350,"loc":{"start":{"line":350,"column":2},"end":{"line":352,"column":3}},"locations":[{"start":{"line":350,"column":2},"end":{"line":352,"column":3}}]},"76":{"type":"branch","line":393,"loc":{"start":{"line":393,"column":2},"end":{"line":395,"column":3}},"locations":[{"start":{"line":393,"column":2},"end":{"line":395,"column":3}}]},"77":{"type":"branch","line":400,"loc":{"start":{"line":400,"column":2},"end":{"line":402,"column":3}},"locations":[{"start":{"line":400,"column":2},"end":{"line":402,"column":3}}]},"78":{"type":"branch","line":414,"loc":{"start":{"line":414,"column":2},"end":{"line":416,"column":3}},"locations":[{"start":{"line":414,"column":2},"end":{"line":416,"column":3}}]},"79":{"type":"branch","line":421,"loc":{"start":{"line":421,"column":2},"end":{"line":423,"column":3}},"locations":[{"start":{"line":421,"column":2},"end":{"line":423,"column":3}}]},"80":{"type":"branch","line":428,"loc":{"start":{"line":428,"column":2},"end":{"line":436,"column":3}},"locations":[{"start":{"line":428,"column":2},"end":{"line":436,"column":3}}]},"81":{"type":"branch","line":432,"loc":{"start":{"line":432,"column":32},"end":{"line":435,"column":9}},"locations":[{"start":{"line":432,"column":32},"end":{"line":435,"column":9}}]},"82":{"type":"branch","line":448,"loc":{"start":{"line":448,"column":2},"end":{"line":450,"column":3}},"locations":[{"start":{"line":448,"column":2},"end":{"line":450,"column":3}}]},"83":{"type":"branch","line":505,"loc":{"start":{"line":505,"column":0},"end":{"line":505,"column":1}},"locations":[{"start":{"line":505,"column":0},"end":{"line":505,"column":1}}]}},"b":{"0":[1],"1":[19],"2":[3],"3":[1],"4":[1],"5":[1],"6":[3],"7":[37],"8":[13],"9":[3],"10":[1],"11":[2],"12":[1],"13":[10],"14":[25],"15":[1],"16":[24],"17":[1],"18":[1],"19":[1],"20":[16],"21":[3],"22":[1],"23":[2],"24":[1],"25":[1],"26":[2],"27":[1],"28":[1],"29":[24],"30":[15],"31":[1],"32":[14],"33":[1],"34":[1],"35":[1],"36":[6],"37":[3],"38":[1],"39":[2],"40":[1],"41":[1],"42":[14],"43":[6],"44":[1],"45":[5],"46":[1],"47":[9],"48":[6],"49":[3],"50":[1],"51":[2],"52":[9],"53":[6],"54":[3],"55":[1],"56":[2],"57":[3],"58":[1],"59":[2],"60":[1],"61":[7],"62":[2],"63":[1],"64":[6],"65":[4],"66":[2],"67":[5],"68":[3],"69":[2],"70":[1],"71":[0],"72":[0],"73":[12],"74":[12],"75":[12],"76":[49],"77":[4],"78":[17],"79":[16],"80":[1],"81":[0],"82":[15],"83":[27]},"fnMap":{"0":{"name":"get","decl":{"start":{"line":1,"column":12},"end":{"line":1,"column":18}},"loc":{"start":{"line":1,"column":12},"end":{"line":1,"column":18}},"line":1},"1":{"name":"getFormatByUnit","decl":{"start":{"line":31,"column":32},"end":{"line":43,"column":2}},"loc":{"start":{"line":31,"column":32},"end":{"line":43,"column":2}},"line":31},"2":{"name":"get","decl":{"start":{"line":43,"column":0},"end":{"line":43,"column":2}},"loc":{"start":{"line":43,"column":0},"end":{"line":43,"column":2}},"line":43},"3":{"name":"<instance_members_initializer>","decl":{"start":{"line":53,"column":2},"end":{"line":504,"column":79}},"loc":{"start":{"line":53,"column":2},"end":{"line":504,"column":79}},"line":53},"4":{"name":"setLocale","decl":{"start":{"line":59,"column":2},"end":{"line":62,"column":3}},"loc":{"start":{"line":59,"column":2},"end":{"line":62,"column":3}},"line":59},"5":{"name":"convert","decl":{"start":{"line":70,"column":9},"end":{"line":81,"column":3}},"loc":{"start":{"line":70,"column":9},"end":{"line":81,"column":3}},"line":70},"6":{"name":"fromString","decl":{"start":{"line":88,"column":9},"end":{"line":90,"column":3}},"loc":{"start":{"line":88,"column":9},"end":{"line":90,"column":3}},"line":88},"7":{"name":"get clone","decl":{"start":{"line":95,"column":2},"end":{"line":105,"column":3}},"loc":{"start":{"line":95,"column":2},"end":{"line":105,"column":3}},"line":95},"8":{"name":"startOf","decl":{"start":{"line":114,"column":2},"end":{"line":146,"column":3}},"loc":{"start":{"line":114,"column":2},"end":{"line":146,"column":3}},"line":114},"9":{"name":"endOf","decl":{"start":{"line":155,"column":2},"end":{"line":187,"column":3}},"loc":{"start":{"line":155,"column":2},"end":{"line":187,"column":3}},"line":155},"10":{"name":"manipulate","decl":{"start":{"line":196,"column":2},"end":{"line":200,"column":3}},"loc":{"start":{"line":196,"column":2},"end":{"line":200,"column":3}},"line":196},"11":{"name":"format","decl":{"start":{"line":209,"column":2},"end":{"line":211,"column":3}},"loc":{"start":{"line":209,"column":2},"end":{"line":211,"column":3}},"line":209},"12":{"name":"isBefore","decl":{"start":{"line":219,"column":2},"end":{"line":225,"column":3}},"loc":{"start":{"line":219,"column":2},"end":{"line":225,"column":3}},"line":219},"13":{"name":"isAfter","decl":{"start":{"line":233,"column":2},"end":{"line":239,"column":3}},"loc":{"start":{"line":233,"column":2},"end":{"line":239,"column":3}},"line":233},"14":{"name":"isSame","decl":{"start":{"line":247,"column":2},"end":{"line":254,"column":3}},"loc":{"start":{"line":247,"column":2},"end":{"line":254,"column":3}},"line":247},"15":{"name":"isBetween","decl":{"start":{"line":264,"column":2},"end":{"line":286,"column":3}},"loc":{"start":{"line":264,"column":2},"end":{"line":286,"column":3}},"line":264},"16":{"name":"parts","decl":{"start":{"line":293,"column":2},"end":{"line":303,"column":3}},"loc":{"start":{"line":293,"column":2},"end":{"line":303,"column":3}},"line":293},"17":{"name":"get seconds","decl":{"start":{"line":308,"column":2},"end":{"line":310,"column":3}},"loc":{"start":{"line":308,"column":2},"end":{"line":310,"column":3}},"line":308},"18":{"name":"set seconds","decl":{"start":{"line":315,"column":2},"end":{"line":317,"column":3}},"loc":{"start":{"line":315,"column":2},"end":{"line":317,"column":3}},"line":315},"19":{"name":"get secondsFormatted","decl":{"start":{"line":322,"column":2},"end":{"line":324,"column":3}},"loc":{"start":{"line":322,"column":2},"end":{"line":324,"column":3}},"line":322},"20":{"name":"get minutes","decl":{"start":{"line":329,"column":2},"end":{"line":331,"column":3}},"loc":{"start":{"line":329,"column":2},"end":{"line":331,"column":3}},"line":329},"21":{"name":"set minutes","decl":{"start":{"line":336,"column":2},"end":{"line":338,"column":3}},"loc":{"start":{"line":336,"column":2},"end":{"line":338,"column":3}},"line":336},"22":{"name":"get minutesFormatted","decl":{"start":{"line":343,"column":2},"end":{"line":345,"column":3}},"loc":{"start":{"line":343,"column":2},"end":{"line":345,"column":3}},"line":343},"23":{"name":"get hours","decl":{"start":{"line":350,"column":2},"end":{"line":352,"column":3}},"loc":{"start":{"line":350,"column":2},"end":{"line":352,"column":3}},"line":350},"24":{"name":"set hours","decl":{"start":{"line":357,"column":2},"end":{"line":359,"column":3}},"loc":{"start":{"line":357,"column":2},"end":{"line":359,"column":3}},"line":357},"25":{"name":"get hoursFormatted","decl":{"start":{"line":364,"column":2},"end":{"line":366,"column":3}},"loc":{"start":{"line":364,"column":2},"end":{"line":366,"column":3}},"line":364},"26":{"name":"get twelveHoursFormatted","decl":{"start":{"line":371,"column":2},"end":{"line":373,"column":3}},"loc":{"start":{"line":371,"column":2},"end":{"line":373,"column":3}},"line":371},"27":{"name":"meridiem","decl":{"start":{"line":381,"column":2},"end":{"line":388,"column":3}},"loc":{"start":{"line":381,"column":2},"end":{"line":388,"column":3}},"line":381},"28":{"name":"get date","decl":{"start":{"line":393,"column":2},"end":{"line":395,"column":3}},"loc":{"start":{"line":393,"column":2},"end":{"line":395,"column":3}},"line":393},"29":{"name":"set date","decl":{"start":{"line":400,"column":2},"end":{"line":402,"column":3}},"loc":{"start":{"line":400,"column":2},"end":{"line":402,"column":3}},"line":400},"30":{"name":"get dateFormatted","decl":{"start":{"line":407,"column":2},"end":{"line":409,"column":3}},"loc":{"start":{"line":407,"column":2},"end":{"line":409,"column":3}},"line":407},"31":{"name":"get weekDay","decl":{"start":{"line":414,"column":2},"end":{"line":416,"column":3}},"loc":{"start":{"line":414,"column":2},"end":{"line":416,"column":3}},"line":414},"32":{"name":"get month","decl":{"start":{"line":421,"column":2},"end":{"line":423,"column":3}},"loc":{"start":{"line":421,"column":2},"end":{"line":423,"column":3}},"line":421},"33":{"name":"set month","decl":{"start":{"line":428,"column":2},"end":{"line":436,"column":3}},"loc":{"start":{"line":428,"column":2},"end":{"line":436,"column":3}},"line":428},"34":{"name":"get monthFormatted","decl":{"start":{"line":441,"column":2},"end":{"line":443,"column":3}},"loc":{"start":{"line":441,"column":2},"end":{"line":443,"column":3}},"line":441},"35":{"name":"get year","decl":{"start":{"line":448,"column":2},"end":{"line":450,"column":3}},"loc":{"start":{"line":448,"column":2},"end":{"line":450,"column":3}},"line":448},"36":{"name":"set year","decl":{"start":{"line":455,"column":2},"end":{"line":457,"column":3}},"loc":{"start":{"line":455,"column":2},"end":{"line":457,"column":3}},"line":455},"37":{"name":"get week","decl":{"start":{"line":463,"column":2},"end":{"line":476,"column":3}},"loc":{"start":{"line":463,"column":2},"end":{"line":476,"column":3}},"line":463},"38":{"name":"weeksInWeekYear","decl":{"start":{"line":478,"column":2},"end":{"line":493,"column":3}},"loc":{"start":{"line":478,"column":2},"end":{"line":493,"column":3}},"line":478},"39":{"name":"get isLeapYear","decl":{"start":{"line":495,"column":2},"end":{"line":497,"column":3}},"loc":{"start":{"line":495,"column":2},"end":{"line":497,"column":3}},"line":495},"40":{"name":"computeOrdinal","decl":{"start":{"line":499,"column":10},"end":{"line":501,"column":3}},"loc":{"start":{"line":499,"column":10},"end":{"line":501,"column":3}},"line":499},"41":{"name":"get","decl":{"start":{"line":505,"column":0},"end":{"line":505,"column":1}},"loc":{"start":{"line":505,"column":0},"end":{"line":505,"column":1}},"line":505}},"f":{"0":19,"1":3,"2":3,"3":37,"4":13,"5":3,"6":1,"7":10,"8":25,"9":15,"10":6,"11":1,"12":9,"13":9,"14":3,"15":7,"16":0,"17":12,"18":0,"19":0,"20":12,"21":0,"22":0,"23":12,"24":0,"25":0,"26":0,"27":0,"28":49,"29":4,"30":0,"31":17,"32":16,"33":1,"34":0,"35":15,"36":0,"37":0,"38":0,"39":0,"40":0,"41":27}}
}
