{"D:\\projects\\GitHub\\tempus-dominus\\src\\js\\datetime.ts": {"path":"D:\\projects\\GitHub\\tempus-dominus\\src\\js\\datetime.ts","all":false,"statementMap":{"0":{"start":{"line":1,"column":0},"end":{"line":1,"column":18}},"1":{"start":{"line":2,"column":0},"end":{"line":2,"column":22}},"2":{"start":{"line":3,"column":0},"end":{"line":3,"column":22}},"3":{"start":{"line":4,"column":0},"end":{"line":4,"column":18}},"4":{"start":{"line":5,"column":0},"end":{"line":5,"column":16}},"5":{"start":{"line":6,"column":0},"end":{"line":6,"column":18}},"6":{"start":{"line":7,"column":0},"end":{"line":7,"column":16}},"7":{"start":{"line":8,"column":0},"end":{"line":8,"column":1}},"8":{"start":{"line":9,"column":0},"end":{"line":9,"column":0}},"9":{"start":{"line":10,"column":0},"end":{"line":10,"column":26}},"10":{"start":{"line":11,"column":0},"end":{"line":11,"column":19}},"11":{"start":{"line":12,"column":0},"end":{"line":12,"column":17}},"12":{"start":{"line":13,"column":0},"end":{"line":13,"column":18}},"13":{"start":{"line":14,"column":0},"end":{"line":14,"column":18}},"14":{"start":{"line":15,"column":0},"end":{"line":15,"column":20}},"15":{"start":{"line":16,"column":0},"end":{"line":16,"column":20}},"16":{"start":{"line":17,"column":0},"end":{"line":17,"column":15}},"17":{"start":{"line":18,"column":0},"end":{"line":18,"column":1}},"18":{"start":{"line":19,"column":0},"end":{"line":19,"column":0}},"19":{"start":{"line":20,"column":0},"end":{"line":20,"column":36}},"20":{"start":{"line":21,"column":0},"end":{"line":21,"column":18}},"21":{"start":{"line":22,"column":0},"end":{"line":22,"column":15}},"22":{"start":{"line":23,"column":0},"end":{"line":23,"column":1}},"23":{"start":{"line":24,"column":0},"end":{"line":24,"column":0}},"24":{"start":{"line":25,"column":0},"end":{"line":25,"column":75}},"25":{"start":{"line":26,"column":0},"end":{"line":26,"column":42}},"26":{"start":{"line":27,"column":0},"end":{"line":27,"column":51}},"27":{"start":{"line":28,"column":0},"end":{"line":28,"column":27}},"28":{"start":{"line":29,"column":0},"end":{"line":29,"column":1}},"29":{"start":{"line":30,"column":0},"end":{"line":30,"column":0}},"30":{"start":{"line":31,"column":0},"end":{"line":31,"column":56}},"31":{"start":{"line":32,"column":0},"end":{"line":32,"column":17}},"32":{"start":{"line":33,"column":0},"end":{"line":33,"column":16}},"33":{"start":{"line":34,"column":0},"end":{"line":34,"column":36}},"34":{"start":{"line":35,"column":0},"end":{"line":35,"column":17}},"35":{"start":{"line":36,"column":0},"end":{"line":36,"column":14}},"36":{"start":{"line":37,"column":0},"end":{"line":37,"column":25}},"37":{"start":{"line":38,"column":0},"end":{"line":38,"column":23}},"38":{"start":{"line":39,"column":0},"end":{"line":39,"column":8}},"39":{"start":{"line":40,"column":0},"end":{"line":40,"column":16}},"40":{"start":{"line":41,"column":0},"end":{"line":41,"column":33}},"41":{"start":{"line":42,"column":0},"end":{"line":42,"column":3}},"42":{"start":{"line":43,"column":0},"end":{"line":43,"column":2}},"43":{"start":{"line":44,"column":0},"end":{"line":44,"column":0}},"44":{"start":{"line":45,"column":0},"end":{"line":45,"column":3}},"45":{"start":{"line":46,"column":0},"end":{"line":46,"column":61}},"46":{"start":{"line":47,"column":0},"end":{"line":47,"column":55}},"47":{"start":{"line":48,"column":0},"end":{"line":48,"column":3}},"48":{"start":{"line":49,"column":0},"end":{"line":49,"column":36}},"49":{"start":{"line":50,"column":0},"end":{"line":50,"column":5}},"50":{"start":{"line":51,"column":0},"end":{"line":51,"column":34}},"51":{"start":{"line":52,"column":0},"end":{"line":52,"column":5}},"52":{"start":{"line":53,"column":0},"end":{"line":53,"column":21}},"53":{"start":{"line":54,"column":0},"end":{"line":54,"column":0}},"54":{"start":{"line":55,"column":0},"end":{"line":55,"column":5}},"55":{"start":{"line":56,"column":0},"end":{"line":56,"column":44}},"56":{"start":{"line":57,"column":0},"end":{"line":57,"column":17}},"57":{"start":{"line":58,"column":0},"end":{"line":58,"column":5}},"58":{"start":{"line":59,"column":0},"end":{"line":59,"column":34}},"59":{"start":{"line":60,"column":0},"end":{"line":60,"column":24}},"60":{"start":{"line":61,"column":0},"end":{"line":61,"column":16}},"61":{"start":{"line":62,"column":0},"end":{"line":62,"column":3}},"62":{"start":{"line":63,"column":0},"end":{"line":63,"column":0}},"63":{"start":{"line":64,"column":0},"end":{"line":64,"column":5}},"64":{"start":{"line":65,"column":0},"end":{"line":65,"column":58}},"65":{"start":{"line":66,"column":0},"end":{"line":66,"column":45}},"66":{"start":{"line":67,"column":0},"end":{"line":67,"column":17}},"67":{"start":{"line":68,"column":0},"end":{"line":68,"column":18}},"68":{"start":{"line":69,"column":0},"end":{"line":69,"column":5}},"69":{"start":{"line":70,"column":0},"end":{"line":70,"column":68}},"70":{"start":{"line":71,"column":0},"end":{"line":71,"column":53}},"71":{"start":{"line":72,"column":0},"end":{"line":72,"column":24}},"72":{"start":{"line":73,"column":0},"end":{"line":73,"column":25}},"73":{"start":{"line":74,"column":0},"end":{"line":74,"column":22}},"74":{"start":{"line":75,"column":0},"end":{"line":75,"column":21}},"75":{"start":{"line":76,"column":0},"end":{"line":76,"column":22}},"76":{"start":{"line":77,"column":0},"end":{"line":77,"column":24}},"77":{"start":{"line":78,"column":0},"end":{"line":78,"column":24}},"78":{"start":{"line":79,"column":0},"end":{"line":79,"column":28}},"79":{"start":{"line":80,"column":0},"end":{"line":80,"column":24}},"80":{"start":{"line":81,"column":0},"end":{"line":81,"column":3}},"81":{"start":{"line":82,"column":0},"end":{"line":82,"column":0}},"82":{"start":{"line":83,"column":0},"end":{"line":83,"column":5}},"83":{"start":{"line":84,"column":0},"end":{"line":84,"column":98}},"84":{"start":{"line":85,"column":0},"end":{"line":85,"column":17}},"85":{"start":{"line":86,"column":0},"end":{"line":86,"column":24}},"86":{"start":{"line":87,"column":0},"end":{"line":87,"column":5}},"87":{"start":{"line":88,"column":0},"end":{"line":88,"column":65}},"88":{"start":{"line":89,"column":0},"end":{"line":89,"column":31}},"89":{"start":{"line":90,"column":0},"end":{"line":90,"column":3}},"90":{"start":{"line":91,"column":0},"end":{"line":91,"column":0}},"91":{"start":{"line":92,"column":0},"end":{"line":92,"column":5}},"92":{"start":{"line":93,"column":0},"end":{"line":93,"column":112}},"93":{"start":{"line":94,"column":0},"end":{"line":94,"column":5}},"94":{"start":{"line":95,"column":0},"end":{"line":95,"column":15}},"95":{"start":{"line":96,"column":0},"end":{"line":96,"column":24}},"96":{"start":{"line":97,"column":0},"end":{"line":97,"column":16}},"97":{"start":{"line":98,"column":0},"end":{"line":98,"column":17}},"98":{"start":{"line":99,"column":0},"end":{"line":99,"column":16}},"99":{"start":{"line":100,"column":0},"end":{"line":100,"column":17}},"100":{"start":{"line":101,"column":0},"end":{"line":101,"column":19}},"101":{"start":{"line":102,"column":0},"end":{"line":102,"column":19}},"102":{"start":{"line":103,"column":0},"end":{"line":103,"column":28}},"103":{"start":{"line":104,"column":0},"end":{"line":104,"column":29}},"104":{"start":{"line":105,"column":0},"end":{"line":105,"column":3}},"105":{"start":{"line":106,"column":0},"end":{"line":106,"column":0}},"106":{"start":{"line":107,"column":0},"end":{"line":107,"column":5}},"107":{"start":{"line":108,"column":0},"end":{"line":108,"column":68}},"108":{"start":{"line":109,"column":0},"end":{"line":109,"column":129}},"109":{"start":{"line":110,"column":0},"end":{"line":110,"column":59}},"110":{"start":{"line":111,"column":0},"end":{"line":111,"column":16}},"111":{"start":{"line":112,"column":0},"end":{"line":112,"column":73}},"112":{"start":{"line":113,"column":0},"end":{"line":113,"column":5}},"113":{"start":{"line":114,"column":0},"end":{"line":114,"column":61}},"114":{"start":{"line":115,"column":0},"end":{"line":115,"column":81}},"115":{"start":{"line":116,"column":0},"end":{"line":116,"column":19}},"116":{"start":{"line":117,"column":0},"end":{"line":117,"column":21}},"117":{"start":{"line":118,"column":0},"end":{"line":118,"column":32}},"118":{"start":{"line":119,"column":0},"end":{"line":119,"column":14}},"119":{"start":{"line":120,"column":0},"end":{"line":120,"column":21}},"120":{"start":{"line":121,"column":0},"end":{"line":121,"column":30}},"121":{"start":{"line":122,"column":0},"end":{"line":122,"column":14}},"122":{"start":{"line":123,"column":0},"end":{"line":123,"column":19}},"123":{"start":{"line":124,"column":0},"end":{"line":124,"column":33}},"124":{"start":{"line":125,"column":0},"end":{"line":125,"column":14}},"125":{"start":{"line":126,"column":0},"end":{"line":126,"column":18}},"126":{"start":{"line":127,"column":0},"end":{"line":127,"column":34}},"127":{"start":{"line":128,"column":0},"end":{"line":128,"column":14}},"128":{"start":{"line":129,"column":0},"end":{"line":129,"column":21}},"129":{"start":{"line":130,"column":0},"end":{"line":130,"column":32}},"130":{"start":{"line":131,"column":0},"end":{"line":131,"column":51}},"131":{"start":{"line":132,"column":0},"end":{"line":132,"column":34}},"132":{"start":{"line":133,"column":0},"end":{"line":133,"column":84}},"133":{"start":{"line":134,"column":0},"end":{"line":134,"column":60}},"134":{"start":{"line":135,"column":0},"end":{"line":135,"column":14}},"135":{"start":{"line":136,"column":0},"end":{"line":136,"column":19}},"136":{"start":{"line":137,"column":0},"end":{"line":137,"column":32}},"137":{"start":{"line":138,"column":0},"end":{"line":138,"column":24}},"138":{"start":{"line":139,"column":0},"end":{"line":139,"column":14}},"139":{"start":{"line":140,"column":0},"end":{"line":140,"column":18}},"140":{"start":{"line":141,"column":0},"end":{"line":141,"column":32}},"141":{"start":{"line":142,"column":0},"end":{"line":142,"column":28}},"142":{"start":{"line":143,"column":0},"end":{"line":143,"column":14}},"143":{"start":{"line":144,"column":0},"end":{"line":144,"column":5}},"144":{"start":{"line":145,"column":0},"end":{"line":145,"column":16}},"145":{"start":{"line":146,"column":0},"end":{"line":146,"column":3}},"146":{"start":{"line":147,"column":0},"end":{"line":147,"column":0}},"147":{"start":{"line":148,"column":0},"end":{"line":148,"column":5}},"148":{"start":{"line":149,"column":0},"end":{"line":149,"column":66}},"149":{"start":{"line":150,"column":0},"end":{"line":150,"column":127}},"150":{"start":{"line":151,"column":0},"end":{"line":151,"column":49}},"151":{"start":{"line":152,"column":0},"end":{"line":152,"column":16}},"152":{"start":{"line":153,"column":0},"end":{"line":153,"column":26}},"153":{"start":{"line":154,"column":0},"end":{"line":154,"column":5}},"154":{"start":{"line":155,"column":0},"end":{"line":155,"column":59}},"155":{"start":{"line":156,"column":0},"end":{"line":156,"column":81}},"156":{"start":{"line":157,"column":0},"end":{"line":157,"column":19}},"157":{"start":{"line":158,"column":0},"end":{"line":158,"column":21}},"158":{"start":{"line":159,"column":0},"end":{"line":159,"column":34}},"159":{"start":{"line":160,"column":0},"end":{"line":160,"column":14}},"160":{"start":{"line":161,"column":0},"end":{"line":161,"column":21}},"161":{"start":{"line":162,"column":0},"end":{"line":162,"column":33}},"162":{"start":{"line":163,"column":0},"end":{"line":163,"column":14}},"163":{"start":{"line":164,"column":0},"end":{"line":164,"column":19}},"164":{"start":{"line":165,"column":0},"end":{"line":165,"column":37}},"165":{"start":{"line":166,"column":0},"end":{"line":166,"column":14}},"166":{"start":{"line":167,"column":0},"end":{"line":167,"column":18}},"167":{"start":{"line":168,"column":0},"end":{"line":168,"column":39}},"168":{"start":{"line":169,"column":0},"end":{"line":169,"column":14}},"169":{"start":{"line":170,"column":0},"end":{"line":170,"column":21}},"170":{"start":{"line":171,"column":0},"end":{"line":171,"column":30}},"171":{"start":{"line":172,"column":0},"end":{"line":172,"column":72}},"172":{"start":{"line":173,"column":0},"end":{"line":173,"column":14}},"173":{"start":{"line":174,"column":0},"end":{"line":174,"column":19}},"174":{"start":{"line":175,"column":0},"end":{"line":175,"column":30}},"175":{"start":{"line":176,"column":0},"end":{"line":176,"column":39}},"176":{"start":{"line":177,"column":0},"end":{"line":177,"column":24}},"177":{"start":{"line":178,"column":0},"end":{"line":178,"column":14}},"178":{"start":{"line":179,"column":0},"end":{"line":179,"column":18}},"179":{"start":{"line":180,"column":0},"end":{"line":180,"column":30}},"180":{"start":{"line":181,"column":0},"end":{"line":181,"column":38}},"181":{"start":{"line":182,"column":0},"end":{"line":182,"column":24}},"182":{"start":{"line":183,"column":0},"end":{"line":183,"column":14}},"183":{"start":{"line":184,"column":0},"end":{"line":184,"column":5}},"184":{"start":{"line":185,"column":0},"end":{"line":185,"column":16}},"185":{"start":{"line":186,"column":0},"end":{"line":186,"column":3}},"186":{"start":{"line":187,"column":0},"end":{"line":187,"column":0}},"187":{"start":{"line":188,"column":0},"end":{"line":188,"column":5}},"188":{"start":{"line":189,"column":0},"end":{"line":189,"column":67}},"189":{"start":{"line":190,"column":0},"end":{"line":190,"column":135}},"190":{"start":{"line":191,"column":0},"end":{"line":191,"column":47}},"191":{"start":{"line":192,"column":0},"end":{"line":192,"column":47}},"192":{"start":{"line":193,"column":0},"end":{"line":193,"column":16}},"193":{"start":{"line":194,"column":0},"end":{"line":194,"column":5}},"194":{"start":{"line":195,"column":0},"end":{"line":195,"column":47}},"195":{"start":{"line":196,"column":0},"end":{"line":196,"column":81}},"196":{"start":{"line":197,"column":0},"end":{"line":197,"column":24}},"197":{"start":{"line":198,"column":0},"end":{"line":198,"column":16}},"198":{"start":{"line":199,"column":0},"end":{"line":199,"column":3}},"199":{"start":{"line":200,"column":0},"end":{"line":200,"column":0}},"200":{"start":{"line":201,"column":0},"end":{"line":201,"column":5}},"201":{"start":{"line":202,"column":0},"end":{"line":202,"column":29}},"202":{"start":{"line":203,"column":0},"end":{"line":203,"column":109}},"203":{"start":{"line":204,"column":0},"end":{"line":204,"column":43}},"204":{"start":{"line":205,"column":0},"end":{"line":205,"column":64}},"205":{"start":{"line":206,"column":0},"end":{"line":206,"column":91}},"206":{"start":{"line":207,"column":0},"end":{"line":207,"column":5}},"207":{"start":{"line":208,"column":0},"end":{"line":208,"column":73}},"208":{"start":{"line":209,"column":0},"end":{"line":209,"column":66}},"209":{"start":{"line":210,"column":0},"end":{"line":210,"column":3}},"210":{"start":{"line":211,"column":0},"end":{"line":211,"column":0}},"211":{"start":{"line":212,"column":0},"end":{"line":212,"column":5}},"212":{"start":{"line":213,"column":0},"end":{"line":213,"column":55}},"213":{"start":{"line":214,"column":0},"end":{"line":214,"column":48}},"214":{"start":{"line":215,"column":0},"end":{"line":215,"column":54}},"215":{"start":{"line":216,"column":0},"end":{"line":216,"column":17}},"216":{"start":{"line":217,"column":0},"end":{"line":217,"column":5}},"217":{"start":{"line":218,"column":0},"end":{"line":218,"column":53}},"218":{"start":{"line":219,"column":0},"end":{"line":219,"column":57}},"219":{"start":{"line":220,"column":0},"end":{"line":220,"column":81}},"220":{"start":{"line":221,"column":0},"end":{"line":221,"column":12}},"221":{"start":{"line":222,"column":0},"end":{"line":222,"column":80}},"222":{"start":{"line":223,"column":0},"end":{"line":223,"column":6}},"223":{"start":{"line":224,"column":0},"end":{"line":224,"column":3}},"224":{"start":{"line":225,"column":0},"end":{"line":225,"column":0}},"225":{"start":{"line":226,"column":0},"end":{"line":226,"column":5}},"226":{"start":{"line":227,"column":0},"end":{"line":227,"column":54}},"227":{"start":{"line":228,"column":0},"end":{"line":228,"column":48}},"228":{"start":{"line":229,"column":0},"end":{"line":229,"column":54}},"229":{"start":{"line":230,"column":0},"end":{"line":230,"column":17}},"230":{"start":{"line":231,"column":0},"end":{"line":231,"column":5}},"231":{"start":{"line":232,"column":0},"end":{"line":232,"column":52}},"232":{"start":{"line":233,"column":0},"end":{"line":233,"column":57}},"233":{"start":{"line":234,"column":0},"end":{"line":234,"column":81}},"234":{"start":{"line":235,"column":0},"end":{"line":235,"column":12}},"235":{"start":{"line":236,"column":0},"end":{"line":236,"column":80}},"236":{"start":{"line":237,"column":0},"end":{"line":237,"column":6}},"237":{"start":{"line":238,"column":0},"end":{"line":238,"column":3}},"238":{"start":{"line":239,"column":0},"end":{"line":239,"column":0}},"239":{"start":{"line":240,"column":0},"end":{"line":240,"column":5}},"240":{"start":{"line":241,"column":0},"end":{"line":241,"column":53}},"241":{"start":{"line":242,"column":0},"end":{"line":242,"column":48}},"242":{"start":{"line":243,"column":0},"end":{"line":243,"column":54}},"243":{"start":{"line":244,"column":0},"end":{"line":244,"column":17}},"244":{"start":{"line":245,"column":0},"end":{"line":245,"column":5}},"245":{"start":{"line":246,"column":0},"end":{"line":246,"column":51}},"246":{"start":{"line":247,"column":0},"end":{"line":247,"column":59}},"247":{"start":{"line":248,"column":0},"end":{"line":248,"column":81}},"248":{"start":{"line":249,"column":0},"end":{"line":249,"column":40}},"249":{"start":{"line":250,"column":0},"end":{"line":250,"column":12}},"250":{"start":{"line":251,"column":0},"end":{"line":251,"column":76}},"251":{"start":{"line":252,"column":0},"end":{"line":252,"column":6}},"252":{"start":{"line":253,"column":0},"end":{"line":253,"column":3}},"253":{"start":{"line":254,"column":0},"end":{"line":254,"column":0}},"254":{"start":{"line":255,"column":0},"end":{"line":255,"column":5}},"255":{"start":{"line":256,"column":0},"end":{"line":256,"column":108}},"256":{"start":{"line":257,"column":0},"end":{"line":257,"column":16}},"257":{"start":{"line":258,"column":0},"end":{"line":258,"column":17}},"258":{"start":{"line":259,"column":0},"end":{"line":259,"column":17}},"259":{"start":{"line":260,"column":0},"end":{"line":260,"column":85}},"260":{"start":{"line":261,"column":0},"end":{"line":261,"column":74}},"261":{"start":{"line":262,"column":0},"end":{"line":262,"column":5}},"262":{"start":{"line":263,"column":0},"end":{"line":263,"column":12}},"263":{"start":{"line":264,"column":0},"end":{"line":264,"column":19}},"264":{"start":{"line":265,"column":0},"end":{"line":265,"column":20}},"265":{"start":{"line":266,"column":0},"end":{"line":266,"column":16}},"266":{"start":{"line":267,"column":0},"end":{"line":267,"column":49}},"267":{"start":{"line":268,"column":0},"end":{"line":268,"column":14}},"268":{"start":{"line":269,"column":0},"end":{"line":269,"column":89}},"269":{"start":{"line":270,"column":0},"end":{"line":270,"column":51}},"270":{"start":{"line":271,"column":0},"end":{"line":271,"column":52}},"271":{"start":{"line":272,"column":0},"end":{"line":272,"column":0}},"272":{"start":{"line":273,"column":0},"end":{"line":273,"column":12}},"273":{"start":{"line":274,"column":0},"end":{"line":274,"column":23}},"274":{"start":{"line":275,"column":0},"end":{"line":275,"column":36}},"275":{"start":{"line":276,"column":0},"end":{"line":276,"column":42}},"276":{"start":{"line":277,"column":0},"end":{"line":277,"column":25}},"277":{"start":{"line":278,"column":0},"end":{"line":278,"column":38}},"278":{"start":{"line":279,"column":0},"end":{"line":279,"column":43}},"279":{"start":{"line":280,"column":0},"end":{"line":280,"column":23}},"280":{"start":{"line":281,"column":0},"end":{"line":281,"column":37}},"281":{"start":{"line":282,"column":0},"end":{"line":282,"column":41}},"282":{"start":{"line":283,"column":0},"end":{"line":283,"column":25}},"283":{"start":{"line":284,"column":0},"end":{"line":284,"column":37}},"284":{"start":{"line":285,"column":0},"end":{"line":285,"column":41}},"285":{"start":{"line":286,"column":0},"end":{"line":286,"column":6}},"286":{"start":{"line":287,"column":0},"end":{"line":287,"column":3}},"287":{"start":{"line":288,"column":0},"end":{"line":288,"column":0}},"288":{"start":{"line":289,"column":0},"end":{"line":289,"column":5}},"289":{"start":{"line":290,"column":0},"end":{"line":290,"column":68}},"290":{"start":{"line":291,"column":0},"end":{"line":291,"column":18}},"291":{"start":{"line":292,"column":0},"end":{"line":292,"column":20}},"292":{"start":{"line":293,"column":0},"end":{"line":293,"column":5}},"293":{"start":{"line":294,"column":0},"end":{"line":294,"column":8}},"294":{"start":{"line":295,"column":0},"end":{"line":295,"column":25}},"295":{"start":{"line":296,"column":0},"end":{"line":296,"column":60}},"296":{"start":{"line":297,"column":0},"end":{"line":297,"column":10}},"297":{"start":{"line":298,"column":0},"end":{"line":298,"column":21}},"298":{"start":{"line":299,"column":0},"end":{"line":299,"column":45}},"299":{"start":{"line":300,"column":0},"end":{"line":300,"column":26}},"300":{"start":{"line":301,"column":0},"end":{"line":301,"column":42}},"301":{"start":{"line":302,"column":0},"end":{"line":302,"column":49}},"302":{"start":{"line":303,"column":0},"end":{"line":303,"column":17}},"303":{"start":{"line":304,"column":0},"end":{"line":304,"column":3}},"304":{"start":{"line":305,"column":0},"end":{"line":305,"column":0}},"305":{"start":{"line":306,"column":0},"end":{"line":306,"column":5}},"306":{"start":{"line":307,"column":0},"end":{"line":307,"column":34}},"307":{"start":{"line":308,"column":0},"end":{"line":308,"column":5}},"308":{"start":{"line":309,"column":0},"end":{"line":309,"column":25}},"309":{"start":{"line":310,"column":0},"end":{"line":310,"column":29}},"310":{"start":{"line":311,"column":0},"end":{"line":311,"column":3}},"311":{"start":{"line":312,"column":0},"end":{"line":312,"column":0}},"312":{"start":{"line":313,"column":0},"end":{"line":313,"column":5}},"313":{"start":{"line":314,"column":0},"end":{"line":314,"column":34}},"314":{"start":{"line":315,"column":0},"end":{"line":315,"column":5}},"315":{"start":{"line":316,"column":0},"end":{"line":316,"column":30}},"316":{"start":{"line":317,"column":0},"end":{"line":317,"column":27}},"317":{"start":{"line":318,"column":0},"end":{"line":318,"column":3}},"318":{"start":{"line":319,"column":0},"end":{"line":319,"column":0}},"319":{"start":{"line":320,"column":0},"end":{"line":320,"column":5}},"320":{"start":{"line":321,"column":0},"end":{"line":321,"column":28}},"321":{"start":{"line":322,"column":0},"end":{"line":322,"column":5}},"322":{"start":{"line":323,"column":0},"end":{"line":323,"column":34}},"323":{"start":{"line":324,"column":0},"end":{"line":324,"column":58}},"324":{"start":{"line":325,"column":0},"end":{"line":325,"column":3}},"325":{"start":{"line":326,"column":0},"end":{"line":326,"column":0}},"326":{"start":{"line":327,"column":0},"end":{"line":327,"column":5}},"327":{"start":{"line":328,"column":0},"end":{"line":328,"column":34}},"328":{"start":{"line":329,"column":0},"end":{"line":329,"column":5}},"329":{"start":{"line":330,"column":0},"end":{"line":330,"column":25}},"330":{"start":{"line":331,"column":0},"end":{"line":331,"column":29}},"331":{"start":{"line":332,"column":0},"end":{"line":332,"column":3}},"332":{"start":{"line":333,"column":0},"end":{"line":333,"column":0}},"333":{"start":{"line":334,"column":0},"end":{"line":334,"column":5}},"334":{"start":{"line":335,"column":0},"end":{"line":335,"column":34}},"335":{"start":{"line":336,"column":0},"end":{"line":336,"column":5}},"336":{"start":{"line":337,"column":0},"end":{"line":337,"column":30}},"337":{"start":{"line":338,"column":0},"end":{"line":338,"column":27}},"338":{"start":{"line":339,"column":0},"end":{"line":339,"column":3}},"339":{"start":{"line":340,"column":0},"end":{"line":340,"column":0}},"340":{"start":{"line":341,"column":0},"end":{"line":341,"column":5}},"341":{"start":{"line":342,"column":0},"end":{"line":342,"column":30}},"342":{"start":{"line":343,"column":0},"end":{"line":343,"column":5}},"343":{"start":{"line":344,"column":0},"end":{"line":344,"column":34}},"344":{"start":{"line":345,"column":0},"end":{"line":345,"column":58}},"345":{"start":{"line":346,"column":0},"end":{"line":346,"column":3}},"346":{"start":{"line":347,"column":0},"end":{"line":347,"column":0}},"347":{"start":{"line":348,"column":0},"end":{"line":348,"column":5}},"348":{"start":{"line":349,"column":0},"end":{"line":349,"column":32}},"349":{"start":{"line":350,"column":0},"end":{"line":350,"column":5}},"350":{"start":{"line":351,"column":0},"end":{"line":351,"column":23}},"351":{"start":{"line":352,"column":0},"end":{"line":352,"column":27}},"352":{"start":{"line":353,"column":0},"end":{"line":353,"column":3}},"353":{"start":{"line":354,"column":0},"end":{"line":354,"column":0}},"354":{"start":{"line":355,"column":0},"end":{"line":355,"column":5}},"355":{"start":{"line":356,"column":0},"end":{"line":356,"column":32}},"356":{"start":{"line":357,"column":0},"end":{"line":357,"column":5}},"357":{"start":{"line":358,"column":0},"end":{"line":358,"column":28}},"358":{"start":{"line":359,"column":0},"end":{"line":359,"column":25}},"359":{"start":{"line":360,"column":0},"end":{"line":360,"column":3}},"360":{"start":{"line":361,"column":0},"end":{"line":361,"column":0}},"361":{"start":{"line":362,"column":0},"end":{"line":362,"column":5}},"362":{"start":{"line":363,"column":0},"end":{"line":363,"column":28}},"363":{"start":{"line":364,"column":0},"end":{"line":364,"column":5}},"364":{"start":{"line":365,"column":0},"end":{"line":365,"column":32}},"365":{"start":{"line":366,"column":0},"end":{"line":366,"column":66}},"366":{"start":{"line":367,"column":0},"end":{"line":367,"column":3}},"367":{"start":{"line":368,"column":0},"end":{"line":368,"column":0}},"368":{"start":{"line":369,"column":0},"end":{"line":369,"column":5}},"369":{"start":{"line":370,"column":0},"end":{"line":370,"column":65}},"370":{"start":{"line":371,"column":0},"end":{"line":371,"column":5}},"371":{"start":{"line":372,"column":0},"end":{"line":372,"column":38}},"372":{"start":{"line":373,"column":0},"end":{"line":373,"column":56}},"373":{"start":{"line":374,"column":0},"end":{"line":374,"column":3}},"374":{"start":{"line":375,"column":0},"end":{"line":375,"column":0}},"375":{"start":{"line":376,"column":0},"end":{"line":376,"column":5}},"376":{"start":{"line":377,"column":0},"end":{"line":377,"column":49}},"377":{"start":{"line":378,"column":0},"end":{"line":378,"column":77}},"378":{"start":{"line":379,"column":0},"end":{"line":379,"column":39}},"379":{"start":{"line":380,"column":0},"end":{"line":380,"column":18}},"380":{"start":{"line":381,"column":0},"end":{"line":381,"column":5}},"381":{"start":{"line":382,"column":0},"end":{"line":382,"column":50}},"382":{"start":{"line":383,"column":0},"end":{"line":383,"column":44}},"383":{"start":{"line":384,"column":0},"end":{"line":384,"column":22}},"384":{"start":{"line":385,"column":0},"end":{"line":385,"column":18}},"385":{"start":{"line":386,"column":0},"end":{"line":386,"column":13}},"386":{"start":{"line":387,"column":0},"end":{"line":387,"column":26}},"387":{"start":{"line":388,"column":0},"end":{"line":388,"column":50}},"388":{"start":{"line":389,"column":0},"end":{"line":389,"column":3}},"389":{"start":{"line":390,"column":0},"end":{"line":390,"column":0}},"390":{"start":{"line":391,"column":0},"end":{"line":391,"column":5}},"391":{"start":{"line":392,"column":0},"end":{"line":392,"column":31}},"392":{"start":{"line":393,"column":0},"end":{"line":393,"column":5}},"393":{"start":{"line":394,"column":0},"end":{"line":394,"column":22}},"394":{"start":{"line":395,"column":0},"end":{"line":395,"column":26}},"395":{"start":{"line":396,"column":0},"end":{"line":396,"column":3}},"396":{"start":{"line":397,"column":0},"end":{"line":397,"column":0}},"397":{"start":{"line":398,"column":0},"end":{"line":398,"column":5}},"398":{"start":{"line":399,"column":0},"end":{"line":399,"column":31}},"399":{"start":{"line":400,"column":0},"end":{"line":400,"column":5}},"400":{"start":{"line":401,"column":0},"end":{"line":401,"column":27}},"401":{"start":{"line":402,"column":0},"end":{"line":402,"column":24}},"402":{"start":{"line":403,"column":0},"end":{"line":403,"column":3}},"403":{"start":{"line":404,"column":0},"end":{"line":404,"column":0}},"404":{"start":{"line":405,"column":0},"end":{"line":405,"column":5}},"405":{"start":{"line":406,"column":0},"end":{"line":406,"column":26}},"406":{"start":{"line":407,"column":0},"end":{"line":407,"column":5}},"407":{"start":{"line":408,"column":0},"end":{"line":408,"column":31}},"408":{"start":{"line":409,"column":0},"end":{"line":409,"column":55}},"409":{"start":{"line":410,"column":0},"end":{"line":410,"column":3}},"410":{"start":{"line":411,"column":0},"end":{"line":411,"column":0}},"411":{"start":{"line":412,"column":0},"end":{"line":412,"column":5}},"412":{"start":{"line":413,"column":0},"end":{"line":413,"column":30}},"413":{"start":{"line":414,"column":0},"end":{"line":414,"column":5}},"414":{"start":{"line":415,"column":0},"end":{"line":415,"column":25}},"415":{"start":{"line":416,"column":0},"end":{"line":416,"column":25}},"416":{"start":{"line":417,"column":0},"end":{"line":417,"column":3}},"417":{"start":{"line":418,"column":0},"end":{"line":418,"column":0}},"418":{"start":{"line":419,"column":0},"end":{"line":419,"column":5}},"419":{"start":{"line":420,"column":0},"end":{"line":420,"column":32}},"420":{"start":{"line":421,"column":0},"end":{"line":421,"column":5}},"421":{"start":{"line":422,"column":0},"end":{"line":422,"column":23}},"422":{"start":{"line":423,"column":0},"end":{"line":423,"column":27}},"423":{"start":{"line":424,"column":0},"end":{"line":424,"column":3}},"424":{"start":{"line":425,"column":0},"end":{"line":425,"column":0}},"425":{"start":{"line":426,"column":0},"end":{"line":426,"column":5}},"426":{"start":{"line":427,"column":0},"end":{"line":427,"column":32}},"427":{"start":{"line":428,"column":0},"end":{"line":428,"column":5}},"428":{"start":{"line":429,"column":0},"end":{"line":429,"column":28}},"429":{"start":{"line":430,"column":0},"end":{"line":430,"column":55}},"430":{"start":{"line":431,"column":0},"end":{"line":431,"column":27}},"431":{"start":{"line":432,"column":0},"end":{"line":432,"column":45}},"432":{"start":{"line":433,"column":0},"end":{"line":433,"column":33}},"433":{"start":{"line":434,"column":0},"end":{"line":434,"column":29}},"434":{"start":{"line":435,"column":0},"end":{"line":435,"column":5}},"435":{"start":{"line":436,"column":0},"end":{"line":436,"column":25}},"436":{"start":{"line":437,"column":0},"end":{"line":437,"column":3}},"437":{"start":{"line":438,"column":0},"end":{"line":438,"column":0}},"438":{"start":{"line":439,"column":0},"end":{"line":439,"column":5}},"439":{"start":{"line":440,"column":0},"end":{"line":440,"column":76}},"440":{"start":{"line":441,"column":0},"end":{"line":441,"column":5}},"441":{"start":{"line":442,"column":0},"end":{"line":442,"column":32}},"442":{"start":{"line":443,"column":0},"end":{"line":443,"column":57}},"443":{"start":{"line":444,"column":0},"end":{"line":444,"column":3}},"444":{"start":{"line":445,"column":0},"end":{"line":445,"column":0}},"445":{"start":{"line":446,"column":0},"end":{"line":446,"column":5}},"446":{"start":{"line":447,"column":0},"end":{"line":447,"column":35}},"447":{"start":{"line":448,"column":0},"end":{"line":448,"column":5}},"448":{"start":{"line":449,"column":0},"end":{"line":449,"column":22}},"449":{"start":{"line":450,"column":0},"end":{"line":450,"column":30}},"450":{"start":{"line":451,"column":0},"end":{"line":451,"column":3}},"451":{"start":{"line":452,"column":0},"end":{"line":452,"column":0}},"452":{"start":{"line":453,"column":0},"end":{"line":453,"column":5}},"453":{"start":{"line":454,"column":0},"end":{"line":454,"column":35}},"454":{"start":{"line":455,"column":0},"end":{"line":455,"column":5}},"455":{"start":{"line":456,"column":0},"end":{"line":456,"column":27}},"456":{"start":{"line":457,"column":0},"end":{"line":457,"column":28}},"457":{"start":{"line":458,"column":0},"end":{"line":458,"column":3}},"458":{"start":{"line":459,"column":0},"end":{"line":459,"column":0}},"459":{"start":{"line":460,"column":0},"end":{"line":460,"column":41}},"460":{"start":{"line":461,"column":0},"end":{"line":461,"column":5}},"461":{"start":{"line":462,"column":0},"end":{"line":462,"column":30}},"462":{"start":{"line":463,"column":0},"end":{"line":463,"column":5}},"463":{"start":{"line":464,"column":0},"end":{"line":464,"column":22}},"464":{"start":{"line":465,"column":0},"end":{"line":465,"column":42}},"465":{"start":{"line":466,"column":0},"end":{"line":466,"column":33}},"466":{"start":{"line":467,"column":0},"end":{"line":467,"column":0}},"467":{"start":{"line":468,"column":0},"end":{"line":468,"column":62}},"468":{"start":{"line":469,"column":0},"end":{"line":469,"column":0}},"469":{"start":{"line":470,"column":0},"end":{"line":470,"column":25}},"470":{"start":{"line":471,"column":0},"end":{"line":471,"column":55}},"471":{"start":{"line":472,"column":0},"end":{"line":472,"column":62}},"472":{"start":{"line":473,"column":0},"end":{"line":473,"column":21}},"473":{"start":{"line":474,"column":0},"end":{"line":474,"column":5}},"474":{"start":{"line":475,"column":0},"end":{"line":475,"column":0}},"475":{"start":{"line":476,"column":0},"end":{"line":476,"column":22}},"476":{"start":{"line":477,"column":0},"end":{"line":477,"column":3}},"477":{"start":{"line":478,"column":0},"end":{"line":478,"column":0}},"478":{"start":{"line":479,"column":0},"end":{"line":479,"column":29}},"479":{"start":{"line":480,"column":0},"end":{"line":480,"column":14}},"480":{"start":{"line":481,"column":0},"end":{"line":481,"column":19}},"481":{"start":{"line":482,"column":0},"end":{"line":482,"column":36}},"482":{"start":{"line":483,"column":0},"end":{"line":483,"column":38}},"483":{"start":{"line":484,"column":0},"end":{"line":484,"column":39}},"484":{"start":{"line":485,"column":0},"end":{"line":485,"column":10}},"485":{"start":{"line":486,"column":0},"end":{"line":486,"column":26}},"486":{"start":{"line":487,"column":0},"end":{"line":487,"column":10}},"487":{"start":{"line":488,"column":0},"end":{"line":488,"column":15}},"488":{"start":{"line":489,"column":0},"end":{"line":489,"column":32}},"489":{"start":{"line":490,"column":0},"end":{"line":490,"column":34}},"490":{"start":{"line":491,"column":0},"end":{"line":491,"column":35}},"491":{"start":{"line":492,"column":0},"end":{"line":492,"column":10}},"492":{"start":{"line":493,"column":0},"end":{"line":493,"column":42}},"493":{"start":{"line":494,"column":0},"end":{"line":494,"column":3}},"494":{"start":{"line":495,"column":0},"end":{"line":495,"column":0}},"495":{"start":{"line":496,"column":0},"end":{"line":496,"column":20}},"496":{"start":{"line":497,"column":0},"end":{"line":497,"column":83}},"497":{"start":{"line":498,"column":0},"end":{"line":498,"column":3}},"498":{"start":{"line":499,"column":0},"end":{"line":499,"column":0}},"499":{"start":{"line":500,"column":0},"end":{"line":500,"column":28}},"500":{"start":{"line":501,"column":0},"end":{"line":501,"column":92}},"501":{"start":{"line":502,"column":0},"end":{"line":502,"column":3}},"502":{"start":{"line":503,"column":0},"end":{"line":503,"column":0}},"503":{"start":{"line":504,"column":0},"end":{"line":504,"column":82}},"504":{"start":{"line":505,"column":0},"end":{"line":505,"column":79}},"505":{"start":{"line":506,"column":0},"end":{"line":506,"column":1}}},"s":{"0":1,"1":1,"2":1,"3":1,"4":1,"5":1,"6":1,"7":1,"8":1,"9":1,"10":1,"11":1,"12":1,"13":1,"14":1,"15":1,"16":1,"17":1,"18":1,"19":1,"20":1,"21":1,"22":1,"23":1,"24":1,"25":1,"26":1,"27":1,"28":1,"29":1,"30":1,"31":0,"32":0,"33":0,"34":0,"35":0,"36":0,"37":0,"38":0,"39":0,"40":0,"41":0,"42":0,"43":1,"44":1,"45":1,"46":1,"47":1,"48":1,"49":1,"50":1,"51":1,"52":1,"53":7,"54":7,"55":7,"56":7,"57":7,"58":7,"59":3,"60":3,"61":3,"62":7,"63":7,"64":7,"65":7,"66":7,"67":7,"68":7,"69":7,"70":2,"71":1,"72":1,"73":1,"74":1,"75":1,"76":1,"77":1,"78":1,"79":1,"80":1,"81":7,"82":7,"83":7,"84":7,"85":7,"86":7,"87":7,"88":1,"89":1,"90":7,"91":7,"92":7,"93":7,"94":7,"95":1,"96":1,"97":1,"98":1,"99":1,"100":1,"101":1,"102":1,"103":1,"104":1,"105":7,"106":7,"107":7,"108":7,"109":7,"110":7,"111":7,"112":7,"113":7,"114":11,"115":11,"116":11,"117":1,"118":1,"119":11,"120":1,"121":1,"122":11,"123":1,"124":1,"125":11,"126":4,"127":4,"128":11,"129":1,"130":1,"131":1,"132":1,"133":1,"134":1,"135":11,"136":1,"137":1,"138":1,"139":11,"140":1,"141":1,"142":1,"143":11,"144":11,"145":10,"146":7,"147":7,"148":7,"149":7,"150":7,"151":7,"152":7,"153":7,"154":7,"155":0,"156":0,"157":0,"158":0,"159":0,"160":0,"161":0,"162":0,"163":0,"164":0,"165":0,"166":0,"167":0,"168":0,"169":0,"170":0,"171":0,"172":0,"173":0,"174":0,"175":0,"176":0,"177":0,"178":0,"179":0,"180":0,"181":0,"182":0,"183":0,"184":0,"185":0,"186":7,"187":7,"188":7,"189":7,"190":7,"191":7,"192":7,"193":7,"194":7,"195":1,"196":1,"197":1,"198":1,"199":7,"200":7,"201":7,"202":7,"203":7,"204":7,"205":7,"206":7,"207":7,"208":0,"209":0,"210":7,"211":7,"212":7,"213":7,"214":7,"215":7,"216":7,"217":7,"218":0,"219":0,"220":0,"221":0,"222":0,"223":0,"224":7,"225":7,"226":7,"227":7,"228":7,"229":7,"230":7,"231":7,"232":0,"233":0,"234":0,"235":0,"236":0,"237":0,"238":7,"239":7,"240":7,"241":7,"242":7,"243":7,"244":7,"245":7,"246":0,"247":0,"248":0,"249":0,"250":0,"251":0,"252":0,"253":7,"254":7,"255":7,"256":7,"257":7,"258":7,"259":7,"260":7,"261":7,"262":7,"263":0,"264":0,"265":0,"266":0,"267":0,"268":0,"269":0,"270":0,"271":0,"272":0,"273":0,"274":0,"275":0,"276":0,"277":0,"278":0,"279":0,"280":0,"281":0,"282":0,"283":0,"284":0,"285":0,"286":0,"287":7,"288":7,"289":7,"290":7,"291":7,"292":7,"293":7,"294":0,"295":0,"296":0,"297":0,"298":0,"299":0,"300":0,"301":0,"302":0,"303":0,"304":7,"305":7,"306":7,"307":7,"308":7,"309":2,"310":2,"311":7,"312":7,"313":7,"314":7,"315":7,"316":0,"317":0,"318":7,"319":7,"320":7,"321":7,"322":7,"323":0,"324":0,"325":7,"326":7,"327":7,"328":7,"329":7,"330":2,"331":2,"332":7,"333":7,"334":7,"335":7,"336":7,"337":0,"338":0,"339":7,"340":7,"341":7,"342":7,"343":7,"344":0,"345":0,"346":7,"347":7,"348":7,"349":7,"350":7,"351":2,"352":2,"353":7,"354":7,"355":7,"356":7,"357":7,"358":0,"359":0,"360":7,"361":7,"362":7,"363":7,"364":7,"365":0,"366":0,"367":7,"368":7,"369":7,"370":7,"371":7,"372":0,"373":0,"374":7,"375":7,"376":7,"377":7,"378":7,"379":7,"380":7,"381":7,"382":0,"383":0,"384":0,"385":0,"386":0,"387":0,"388":0,"389":7,"390":7,"391":7,"392":7,"393":7,"394":9,"395":9,"396":7,"397":7,"398":7,"399":7,"400":7,"401":1,"402":1,"403":7,"404":7,"405":7,"406":7,"407":7,"408":0,"409":0,"410":7,"411":7,"412":7,"413":7,"414":7,"415":3,"416":3,"417":7,"418":7,"419":7,"420":7,"421":7,"422":4,"423":4,"424":7,"425":7,"426":7,"427":7,"428":7,"429":0,"430":0,"431":0,"432":0,"433":0,"434":0,"435":0,"436":0,"437":7,"438":7,"439":7,"440":7,"441":7,"442":0,"443":0,"444":7,"445":7,"446":7,"447":7,"448":7,"449":4,"450":4,"451":7,"452":7,"453":7,"454":7,"455":7,"456":0,"457":0,"458":7,"459":7,"460":7,"461":7,"462":7,"463":7,"464":0,"465":0,"466":0,"467":0,"468":0,"469":0,"470":0,"471":0,"472":0,"473":0,"474":0,"475":0,"476":0,"477":7,"478":7,"479":0,"480":0,"481":0,"482":0,"483":0,"484":0,"485":0,"486":0,"487":0,"488":0,"489":0,"490":0,"491":0,"492":0,"493":0,"494":7,"495":7,"496":0,"497":0,"498":7,"499":7,"500":0,"501":0,"502":7,"503":7,"504":7,"505":7},"branchMap":{"0":{"type":"branch","line":1,"loc":{"start":{"line":1,"column":7},"end":{"line":1,"column":18}},"locations":[{"start":{"line":1,"column":7},"end":{"line":1,"column":18}}]},"1":{"type":"branch","line":1,"loc":{"start":{"line":1,"column":12},"end":{"line":1,"column":18}},"locations":[{"start":{"line":1,"column":12},"end":{"line":1,"column":18}}]},"2":{"type":"branch","line":53,"loc":{"start":{"line":53,"column":2},"end":{"line":505,"column":79}},"locations":[{"start":{"line":53,"column":2},"end":{"line":505,"column":79}}]},"3":{"type":"branch","line":59,"loc":{"start":{"line":59,"column":2},"end":{"line":62,"column":3}},"locations":[{"start":{"line":59,"column":2},"end":{"line":62,"column":3}}]},"4":{"type":"branch","line":70,"loc":{"start":{"line":70,"column":9},"end":{"line":81,"column":3}},"locations":[{"start":{"line":70,"column":9},"end":{"line":81,"column":3}}]},"5":{"type":"branch","line":71,"loc":{"start":{"line":71,"column":15},"end":{"line":81,"column":3}},"locations":[{"start":{"line":71,"column":15},"end":{"line":81,"column":3}}]},"6":{"type":"branch","line":88,"loc":{"start":{"line":88,"column":9},"end":{"line":90,"column":3}},"locations":[{"start":{"line":88,"column":9},"end":{"line":90,"column":3}}]},"7":{"type":"branch","line":95,"loc":{"start":{"line":95,"column":2},"end":{"line":105,"column":3}},"locations":[{"start":{"line":95,"column":2},"end":{"line":105,"column":3}}]},"8":{"type":"branch","line":114,"loc":{"start":{"line":114,"column":2},"end":{"line":146,"column":3}},"locations":[{"start":{"line":114,"column":2},"end":{"line":146,"column":3}}]},"9":{"type":"branch","line":115,"loc":{"start":{"line":115,"column":34},"end":{"line":116,"column":12}},"locations":[{"start":{"line":115,"column":34},"end":{"line":116,"column":12}}]},"10":{"type":"branch","line":116,"loc":{"start":{"line":116,"column":4},"end":{"line":117,"column":11}},"locations":[{"start":{"line":116,"column":4},"end":{"line":117,"column":11}}]},"11":{"type":"branch","line":117,"loc":{"start":{"line":117,"column":6},"end":{"line":119,"column":14}},"locations":[{"start":{"line":117,"column":6},"end":{"line":119,"column":14}}]},"12":{"type":"branch","line":120,"loc":{"start":{"line":120,"column":6},"end":{"line":122,"column":14}},"locations":[{"start":{"line":120,"column":6},"end":{"line":122,"column":14}}]},"13":{"type":"branch","line":123,"loc":{"start":{"line":123,"column":6},"end":{"line":125,"column":14}},"locations":[{"start":{"line":123,"column":6},"end":{"line":125,"column":14}}]},"14":{"type":"branch","line":126,"loc":{"start":{"line":126,"column":6},"end":{"line":128,"column":14}},"locations":[{"start":{"line":126,"column":6},"end":{"line":128,"column":14}}]},"15":{"type":"branch","line":129,"loc":{"start":{"line":129,"column":6},"end":{"line":135,"column":14}},"locations":[{"start":{"line":129,"column":6},"end":{"line":135,"column":14}}]},"16":{"type":"branch","line":131,"loc":{"start":{"line":131,"column":45},"end":{"line":132,"column":12}},"locations":[{"start":{"line":131,"column":45},"end":{"line":132,"column":12}}]},"17":{"type":"branch","line":133,"loc":{"start":{"line":133,"column":31},"end":{"line":133,"column":56}},"locations":[{"start":{"line":133,"column":31},"end":{"line":133,"column":56}}]},"18":{"type":"branch","line":133,"loc":{"start":{"line":133,"column":56},"end":{"line":134,"column":13}},"locations":[{"start":{"line":133,"column":56},"end":{"line":134,"column":13}}]},"19":{"type":"branch","line":136,"loc":{"start":{"line":136,"column":6},"end":{"line":139,"column":14}},"locations":[{"start":{"line":136,"column":6},"end":{"line":139,"column":14}}]},"20":{"type":"branch","line":140,"loc":{"start":{"line":140,"column":6},"end":{"line":143,"column":14}},"locations":[{"start":{"line":140,"column":6},"end":{"line":143,"column":14}}]},"21":{"type":"branch","line":145,"loc":{"start":{"line":145,"column":4},"end":{"line":146,"column":3}},"locations":[{"start":{"line":145,"column":4},"end":{"line":146,"column":3}}]},"22":{"type":"branch","line":195,"loc":{"start":{"line":195,"column":2},"end":{"line":199,"column":3}},"locations":[{"start":{"line":195,"column":2},"end":{"line":199,"column":3}}]},"23":{"type":"branch","line":196,"loc":{"start":{"line":196,"column":34},"end":{"line":197,"column":9}},"locations":[{"start":{"line":196,"column":34},"end":{"line":197,"column":9}}]},"24":{"type":"branch","line":309,"loc":{"start":{"line":309,"column":2},"end":{"line":311,"column":3}},"locations":[{"start":{"line":309,"column":2},"end":{"line":311,"column":3}}]},"25":{"type":"branch","line":330,"loc":{"start":{"line":330,"column":2},"end":{"line":332,"column":3}},"locations":[{"start":{"line":330,"column":2},"end":{"line":332,"column":3}}]},"26":{"type":"branch","line":351,"loc":{"start":{"line":351,"column":2},"end":{"line":353,"column":3}},"locations":[{"start":{"line":351,"column":2},"end":{"line":353,"column":3}}]},"27":{"type":"branch","line":394,"loc":{"start":{"line":394,"column":2},"end":{"line":396,"column":3}},"locations":[{"start":{"line":394,"column":2},"end":{"line":396,"column":3}}]},"28":{"type":"branch","line":401,"loc":{"start":{"line":401,"column":2},"end":{"line":403,"column":3}},"locations":[{"start":{"line":401,"column":2},"end":{"line":403,"column":3}}]},"29":{"type":"branch","line":415,"loc":{"start":{"line":415,"column":2},"end":{"line":417,"column":3}},"locations":[{"start":{"line":415,"column":2},"end":{"line":417,"column":3}}]},"30":{"type":"branch","line":422,"loc":{"start":{"line":422,"column":2},"end":{"line":424,"column":3}},"locations":[{"start":{"line":422,"column":2},"end":{"line":424,"column":3}}]},"31":{"type":"branch","line":449,"loc":{"start":{"line":449,"column":2},"end":{"line":451,"column":3}},"locations":[{"start":{"line":449,"column":2},"end":{"line":451,"column":3}}]},"32":{"type":"branch","line":506,"loc":{"start":{"line":506,"column":0},"end":{"line":506,"column":1}},"locations":[{"start":{"line":506,"column":0},"end":{"line":506,"column":1}}]}},"b":{"0":[1],"1":[6],"2":[7],"3":[3],"4":[2],"5":[1],"6":[1],"7":[1],"8":[11],"9":[1],"10":[10],"11":[1],"12":[1],"13":[1],"14":[4],"15":[1],"16":[0],"17":[0],"18":[0],"19":[1],"20":[1],"21":[10],"22":[1],"23":[0],"24":[2],"25":[2],"26":[2],"27":[9],"28":[1],"29":[3],"30":[4],"31":[4],"32":[7]},"fnMap":{"0":{"name":"get","decl":{"start":{"line":1,"column":12},"end":{"line":1,"column":18}},"loc":{"start":{"line":1,"column":12},"end":{"line":1,"column":18}},"line":1},"1":{"name":"getFormatByUnit","decl":{"start":{"line":31,"column":32},"end":{"line":43,"column":2}},"loc":{"start":{"line":31,"column":32},"end":{"line":43,"column":2}},"line":31},"2":{"name":"get","decl":{"start":{"line":43,"column":0},"end":{"line":43,"column":2}},"loc":{"start":{"line":43,"column":0},"end":{"line":43,"column":2}},"line":43},"3":{"name":"<instance_members_initializer>","decl":{"start":{"line":53,"column":2},"end":{"line":505,"column":79}},"loc":{"start":{"line":53,"column":2},"end":{"line":505,"column":79}},"line":53},"4":{"name":"setLocale","decl":{"start":{"line":59,"column":2},"end":{"line":62,"column":3}},"loc":{"start":{"line":59,"column":2},"end":{"line":62,"column":3}},"line":59},"5":{"name":"convert","decl":{"start":{"line":70,"column":9},"end":{"line":81,"column":3}},"loc":{"start":{"line":70,"column":9},"end":{"line":81,"column":3}},"line":70},"6":{"name":"fromString","decl":{"start":{"line":88,"column":9},"end":{"line":90,"column":3}},"loc":{"start":{"line":88,"column":9},"end":{"line":90,"column":3}},"line":88},"7":{"name":"get clone","decl":{"start":{"line":95,"column":2},"end":{"line":105,"column":3}},"loc":{"start":{"line":95,"column":2},"end":{"line":105,"column":3}},"line":95},"8":{"name":"startOf","decl":{"start":{"line":114,"column":2},"end":{"line":146,"column":3}},"loc":{"start":{"line":114,"column":2},"end":{"line":146,"column":3}},"line":114},"9":{"name":"endOf","decl":{"start":{"line":155,"column":2},"end":{"line":186,"column":3}},"loc":{"start":{"line":155,"column":2},"end":{"line":186,"column":3}},"line":155},"10":{"name":"manipulate","decl":{"start":{"line":195,"column":2},"end":{"line":199,"column":3}},"loc":{"start":{"line":195,"column":2},"end":{"line":199,"column":3}},"line":195},"11":{"name":"format","decl":{"start":{"line":208,"column":2},"end":{"line":210,"column":3}},"loc":{"start":{"line":208,"column":2},"end":{"line":210,"column":3}},"line":208},"12":{"name":"isBefore","decl":{"start":{"line":218,"column":2},"end":{"line":224,"column":3}},"loc":{"start":{"line":218,"column":2},"end":{"line":224,"column":3}},"line":218},"13":{"name":"isAfter","decl":{"start":{"line":232,"column":2},"end":{"line":238,"column":3}},"loc":{"start":{"line":232,"column":2},"end":{"line":238,"column":3}},"line":232},"14":{"name":"isSame","decl":{"start":{"line":246,"column":2},"end":{"line":253,"column":3}},"loc":{"start":{"line":246,"column":2},"end":{"line":253,"column":3}},"line":246},"15":{"name":"isBetween","decl":{"start":{"line":263,"column":2},"end":{"line":287,"column":3}},"loc":{"start":{"line":263,"column":2},"end":{"line":287,"column":3}},"line":263},"16":{"name":"parts","decl":{"start":{"line":294,"column":2},"end":{"line":304,"column":3}},"loc":{"start":{"line":294,"column":2},"end":{"line":304,"column":3}},"line":294},"17":{"name":"get seconds","decl":{"start":{"line":309,"column":2},"end":{"line":311,"column":3}},"loc":{"start":{"line":309,"column":2},"end":{"line":311,"column":3}},"line":309},"18":{"name":"set seconds","decl":{"start":{"line":316,"column":2},"end":{"line":318,"column":3}},"loc":{"start":{"line":316,"column":2},"end":{"line":318,"column":3}},"line":316},"19":{"name":"get secondsFormatted","decl":{"start":{"line":323,"column":2},"end":{"line":325,"column":3}},"loc":{"start":{"line":323,"column":2},"end":{"line":325,"column":3}},"line":323},"20":{"name":"get minutes","decl":{"start":{"line":330,"column":2},"end":{"line":332,"column":3}},"loc":{"start":{"line":330,"column":2},"end":{"line":332,"column":3}},"line":330},"21":{"name":"set minutes","decl":{"start":{"line":337,"column":2},"end":{"line":339,"column":3}},"loc":{"start":{"line":337,"column":2},"end":{"line":339,"column":3}},"line":337},"22":{"name":"get minutesFormatted","decl":{"start":{"line":344,"column":2},"end":{"line":346,"column":3}},"loc":{"start":{"line":344,"column":2},"end":{"line":346,"column":3}},"line":344},"23":{"name":"get hours","decl":{"start":{"line":351,"column":2},"end":{"line":353,"column":3}},"loc":{"start":{"line":351,"column":2},"end":{"line":353,"column":3}},"line":351},"24":{"name":"set hours","decl":{"start":{"line":358,"column":2},"end":{"line":360,"column":3}},"loc":{"start":{"line":358,"column":2},"end":{"line":360,"column":3}},"line":358},"25":{"name":"get hoursFormatted","decl":{"start":{"line":365,"column":2},"end":{"line":367,"column":3}},"loc":{"start":{"line":365,"column":2},"end":{"line":367,"column":3}},"line":365},"26":{"name":"get twelveHoursFormatted","decl":{"start":{"line":372,"column":2},"end":{"line":374,"column":3}},"loc":{"start":{"line":372,"column":2},"end":{"line":374,"column":3}},"line":372},"27":{"name":"meridiem","decl":{"start":{"line":382,"column":2},"end":{"line":389,"column":3}},"loc":{"start":{"line":382,"column":2},"end":{"line":389,"column":3}},"line":382},"28":{"name":"get date","decl":{"start":{"line":394,"column":2},"end":{"line":396,"column":3}},"loc":{"start":{"line":394,"column":2},"end":{"line":396,"column":3}},"line":394},"29":{"name":"set date","decl":{"start":{"line":401,"column":2},"end":{"line":403,"column":3}},"loc":{"start":{"line":401,"column":2},"end":{"line":403,"column":3}},"line":401},"30":{"name":"get dateFormatted","decl":{"start":{"line":408,"column":2},"end":{"line":410,"column":3}},"loc":{"start":{"line":408,"column":2},"end":{"line":410,"column":3}},"line":408},"31":{"name":"get weekDay","decl":{"start":{"line":415,"column":2},"end":{"line":417,"column":3}},"loc":{"start":{"line":415,"column":2},"end":{"line":417,"column":3}},"line":415},"32":{"name":"get month","decl":{"start":{"line":422,"column":2},"end":{"line":424,"column":3}},"loc":{"start":{"line":422,"column":2},"end":{"line":424,"column":3}},"line":422},"33":{"name":"set month","decl":{"start":{"line":429,"column":2},"end":{"line":437,"column":3}},"loc":{"start":{"line":429,"column":2},"end":{"line":437,"column":3}},"line":429},"34":{"name":"get monthFormatted","decl":{"start":{"line":442,"column":2},"end":{"line":444,"column":3}},"loc":{"start":{"line":442,"column":2},"end":{"line":444,"column":3}},"line":442},"35":{"name":"get year","decl":{"start":{"line":449,"column":2},"end":{"line":451,"column":3}},"loc":{"start":{"line":449,"column":2},"end":{"line":451,"column":3}},"line":449},"36":{"name":"set year","decl":{"start":{"line":456,"column":2},"end":{"line":458,"column":3}},"loc":{"start":{"line":456,"column":2},"end":{"line":458,"column":3}},"line":456},"37":{"name":"get week","decl":{"start":{"line":464,"column":2},"end":{"line":477,"column":3}},"loc":{"start":{"line":464,"column":2},"end":{"line":477,"column":3}},"line":464},"38":{"name":"weeksInWeekYear","decl":{"start":{"line":479,"column":2},"end":{"line":494,"column":3}},"loc":{"start":{"line":479,"column":2},"end":{"line":494,"column":3}},"line":479},"39":{"name":"get isLeapYear","decl":{"start":{"line":496,"column":2},"end":{"line":498,"column":3}},"loc":{"start":{"line":496,"column":2},"end":{"line":498,"column":3}},"line":496},"40":{"name":"computeOrdinal","decl":{"start":{"line":500,"column":10},"end":{"line":502,"column":3}},"loc":{"start":{"line":500,"column":10},"end":{"line":502,"column":3}},"line":500},"41":{"name":"get","decl":{"start":{"line":506,"column":0},"end":{"line":506,"column":1}},"loc":{"start":{"line":506,"column":0},"end":{"line":506,"column":1}},"line":506}},"f":{"0":6,"1":0,"2":0,"3":7,"4":3,"5":2,"6":1,"7":1,"8":11,"9":0,"10":1,"11":0,"12":0,"13":0,"14":0,"15":0,"16":0,"17":2,"18":0,"19":0,"20":2,"21":0,"22":0,"23":2,"24":0,"25":0,"26":0,"27":0,"28":9,"29":1,"30":0,"31":3,"32":4,"33":0,"34":0,"35":4,"36":0,"37":0,"38":0,"39":0,"40":0,"41":7}}
}
